CRITICAL - 2023-05-28 01:01:26 --> Class "App\Controllers\amo" not found
in APPPATH\Controllers\amoController.php on line 19.
 1 SYSTEMPATH\CodeIgniter.php(934): App\Controllers\amoController->mostrarAmos()
 2 SYSTEMPATH\CodeIgniter.php(499): CodeIgniter\CodeIgniter->runController(Object(App\Controllers\amoController))
 3 SYSTEMPATH\CodeIgniter.php(368): CodeIgniter\CodeIgniter->handleRequest(null, Object(Config\Cache), false)
 4 FCPATH\index.php(67): CodeIgniter\CodeIgniter->run()
CRITICAL - 2023-05-28 01:01:37 --> Class "App\Controllers\amo" not found
in APPPATH\Controllers\amoController.php on line 19.
 1 SYSTEMPATH\CodeIgniter.php(934): App\Controllers\amoController->mostrarAmos()
 2 SYSTEMPATH\CodeIgniter.php(499): CodeIgniter\CodeIgniter->runController(Object(App\Controllers\amoController))
 3 SYSTEMPATH\CodeIgniter.php(368): CodeIgniter\CodeIgniter->handleRequest(null, Object(Config\Cache), false)
 4 FCPATH\index.php(67): CodeIgniter\CodeIgniter->run()
CRITICAL - 2023-05-28 01:02:13 --> Class "App\Controllers\amo" not found
in APPPATH\Controllers\amoController.php on line 19.
 1 SYSTEMPATH\CodeIgniter.php(934): App\Controllers\amoController->mostrarAmos()
 2 SYSTEMPATH\CodeIgniter.php(499): CodeIgniter\CodeIgniter->runController(Object(App\Controllers\amoController))
 3 SYSTEMPATH\CodeIgniter.php(368): CodeIgniter\CodeIgniter->handleRequest(null, Object(Config\Cache), false)
 4 FCPATH\index.php(67): CodeIgniter\CodeIgniter->run()
CRITICAL - 2023-05-28 01:03:24 --> Class "App\Controllers\amo" not found
in APPPATH\Controllers\amoController.php on line 19.
 1 SYSTEMPATH\CodeIgniter.php(934): App\Controllers\amoController->mostrarAmos()
 2 SYSTEMPATH\CodeIgniter.php(499): CodeIgniter\CodeIgniter->runController(Object(App\Controllers\amoController))
 3 SYSTEMPATH\CodeIgniter.php(368): CodeIgniter\CodeIgniter->handleRequest(null, Object(Config\Cache), false)
 4 FCPATH\index.php(67): CodeIgniter\CodeIgniter->run()
CRITICAL - 2023-05-28 01:05:38 --> Class "App\Controllers\amo" not found
in APPPATH\Controllers\amoController.php on line 19.
 1 SYSTEMPATH\CodeIgniter.php(934): App\Controllers\amoController->mostrarAmos()
 2 SYSTEMPATH\CodeIgniter.php(499): CodeIgniter\CodeIgniter->runController(Object(App\Controllers\amoController))
 3 SYSTEMPATH\CodeIgniter.php(368): CodeIgniter\CodeIgniter->handleRequest(null, Object(Config\Cache), false)
 4 FCPATH\index.php(67): CodeIgniter\CodeIgniter->run()
CRITICAL - 2023-05-28 01:07:37 --> Class "App\Controllers\amo" not found
in APPPATH\Controllers\amoController.php on line 19.
 1 SYSTEMPATH\CodeIgniter.php(934): App\Controllers\amoController->mostrarAmos()
 2 SYSTEMPATH\CodeIgniter.php(499): CodeIgniter\CodeIgniter->runController(Object(App\Controllers\amoController))
 3 SYSTEMPATH\CodeIgniter.php(368): CodeIgniter\CodeIgniter->handleRequest(null, Object(Config\Cache), false)
 4 FCPATH\index.php(67): CodeIgniter\CodeIgniter->run()
CRITICAL - 2023-05-28 01:07:42 --> Class "App\Controllers\amo" not found
in APPPATH\Controllers\amoController.php on line 19.
 1 SYSTEMPATH\CodeIgniter.php(934): App\Controllers\amoController->mostrarAmos()
 2 SYSTEMPATH\CodeIgniter.php(499): CodeIgniter\CodeIgniter->runController(Object(App\Controllers\amoController))
 3 SYSTEMPATH\CodeIgniter.php(368): CodeIgniter\CodeIgniter->handleRequest(null, Object(Config\Cache), false)
 4 FCPATH\index.php(67): CodeIgniter\CodeIgniter->run()
CRITICAL - 2023-05-28 01:12:12 --> Class "App\Controllers\amo" not found
in APPPATH\Controllers\amoController.php on line 19.
 1 SYSTEMPATH\CodeIgniter.php(934): App\Controllers\amoController->mostrarAmos()
 2 SYSTEMPATH\CodeIgniter.php(499): CodeIgniter\CodeIgniter->runController(Object(App\Controllers\amoController))
 3 SYSTEMPATH\CodeIgniter.php(368): CodeIgniter\CodeIgniter->handleRequest(null, Object(Config\Cache), false)
 4 FCPATH\index.php(67): CodeIgniter\CodeIgniter->run()
CRITICAL - 2023-05-28 01:15:45 --> Class "App\Controllers\amo" not found
in APPPATH\Controllers\amoController.php on line 20.
 1 SYSTEMPATH\CodeIgniter.php(934): App\Controllers\amoController->mostrarAmos()
 2 SYSTEMPATH\CodeIgniter.php(499): CodeIgniter\CodeIgniter->runController(Object(App\Controllers\amoController))
 3 SYSTEMPATH\CodeIgniter.php(368): CodeIgniter\CodeIgniter->handleRequest(null, Object(Config\Cache), false)
 4 FCPATH\index.php(67): CodeIgniter\CodeIgniter->run()
CRITICAL - 2023-05-28 01:16:10 --> Class "App\Controllers\amo" not found
in APPPATH\Controllers\amoController.php on line 19.
 1 SYSTEMPATH\CodeIgniter.php(934): App\Controllers\amoController->mostrarAmos()
 2 SYSTEMPATH\CodeIgniter.php(499): CodeIgniter\CodeIgniter->runController(Object(App\Controllers\amoController))
 3 SYSTEMPATH\CodeIgniter.php(368): CodeIgniter\CodeIgniter->handleRequest(null, Object(Config\Cache), false)
 4 FCPATH\index.php(67): CodeIgniter\CodeIgniter->run()
CRITICAL - 2023-05-28 01:16:36 --> Class "BaseController" not found
in APPPATH\Controllers\amoController.php on line 6.
 1 SYSTEMPATH\Autoloader\Autoloader.php(312): include_once()
 2 SYSTEMPATH\Autoloader\Autoloader.php(289): CodeIgniter\Autoloader\Autoloader->includeFile('C:\\xampp\\htdocs\\veterinaria\\app\\Controllers\\amoController.php')
 3 SYSTEMPATH\Autoloader\Autoloader.php(267): CodeIgniter\Autoloader\Autoloader->loadInNamespace('App\\Controllers\\amoController')
 4 [internal function]: CodeIgniter\Autoloader\Autoloader->loadClass('App\\Controllers\\amoController')
 5 SYSTEMPATH\CodeIgniter.php(892): class_exists('\\App\\Controllers\\amoController', true)
 6 SYSTEMPATH\CodeIgniter.php(486): CodeIgniter\CodeIgniter->startController()
 7 SYSTEMPATH\CodeIgniter.php(368): CodeIgniter\CodeIgniter->handleRequest(null, Object(Config\Cache), false)
 8 FCPATH\index.php(67): CodeIgniter\CodeIgniter->run()
CRITICAL - 2023-05-28 01:17:36 --> Class "App\Controllers\amo" not found
in APPPATH\Controllers\amoController.php on line 19.
 1 SYSTEMPATH\CodeIgniter.php(934): App\Controllers\amoController->mostrarAmos()
 2 SYSTEMPATH\CodeIgniter.php(499): CodeIgniter\CodeIgniter->runController(Object(App\Controllers\amoController))
 3 SYSTEMPATH\CodeIgniter.php(368): CodeIgniter\CodeIgniter->handleRequest(null, Object(Config\Cache), false)
 4 FCPATH\index.php(67): CodeIgniter\CodeIgniter->run()
ERROR - 2023-05-28 01:24:31 --> Error connecting to the database: mysqli_sql_exception: Access denied for user 'root'@'localhost' (using password: YES) in C:\xampp\htdocs\veterinaria\system\Database\MySQLi\Connection.php:174
Stack trace:
#0 C:\xampp\htdocs\veterinaria\system\Database\MySQLi\Connection.php(174): mysqli->real_connect('localhost', 'root', '19demayosssssss...', 'veterinaria', 3306, '', 0)
#1 C:\xampp\htdocs\veterinaria\system\Database\BaseConnection.php(391): CodeIgniter\Database\MySQLi\Connection->connect(false)
#2 C:\xampp\htdocs\veterinaria\system\Database\BaseConnection.php(573): CodeIgniter\Database\BaseConnection->initialize()
#3 C:\xampp\htdocs\veterinaria\system\Database\BaseBuilder.php(1616): CodeIgniter\Database\BaseConnection->query('SELECT *\nFROM `...', Array, false)
#4 C:\xampp\htdocs\veterinaria\system\Model.php(241): CodeIgniter\Database\BaseBuilder->get()
#5 C:\xampp\htdocs\veterinaria\system\BaseModel.php(618): CodeIgniter\Model->doFindAll(0, 0)
#6 C:\xampp\htdocs\veterinaria\app\Controllers\amoController.php(20): CodeIgniter\BaseModel->findAll()
#7 C:\xampp\htdocs\veterinaria\system\CodeIgniter.php(934): App\Controllers\amoController->mostrarAmos()
#8 C:\xampp\htdocs\veterinaria\system\CodeIgniter.php(499): CodeIgniter\CodeIgniter->runController(Object(App\Controllers\amoController))
#9 C:\xampp\htdocs\veterinaria\system\CodeIgniter.php(368): CodeIgniter\CodeIgniter->handleRequest(NULL, Object(Config\Cache), false)
#10 C:\xampp\htdocs\veterinaria\index.php(67): CodeIgniter\CodeIgniter->run()
#11 {main}

Next CodeIgniter\Database\Exceptions\DatabaseException: Access denied for user '****'@'localhost' (using password: YES) in C:\xampp\htdocs\veterinaria\system\Database\MySQLi\Connection.php:218
Stack trace:
#0 C:\xampp\htdocs\veterinaria\system\Database\BaseConnection.php(391): CodeIgniter\Database\MySQLi\Connection->connect(false)
#1 C:\xampp\htdocs\veterinaria\system\Database\BaseConnection.php(573): CodeIgniter\Database\BaseConnection->initialize()
#2 C:\xampp\htdocs\veterinaria\system\Database\BaseBuilder.php(1616): CodeIgniter\Database\BaseConnection->query('SELECT *\nFROM `...', Array, false)
#3 C:\xampp\htdocs\veterinaria\system\Model.php(241): CodeIgniter\Database\BaseBuilder->get()
#4 C:\xampp\htdocs\veterinaria\system\BaseModel.php(618): CodeIgniter\Model->doFindAll(0, 0)
#5 C:\xampp\htdocs\veterinaria\app\Controllers\amoController.php(20): CodeIgniter\BaseModel->findAll()
#6 C:\xampp\htdocs\veterinaria\system\CodeIgniter.php(934): App\Controllers\amoController->mostrarAmos()
#7 C:\xampp\htdocs\veterinaria\system\CodeIgniter.php(499): CodeIgniter\CodeIgniter->runController(Object(App\Controllers\amoController))
#8 C:\xampp\htdocs\veterinaria\system\CodeIgniter.php(368): CodeIgniter\CodeIgniter->handleRequest(NULL, Object(Config\Cache), false)
#9 C:\xampp\htdocs\veterinaria\index.php(67): CodeIgniter\CodeIgniter->run()
#10 {main}
CRITICAL - 2023-05-28 01:24:31 --> Unable to connect to the database.
Main connection [MySQLi]: Access denied for user '****'@'localhost' (using password: YES)
in SYSTEMPATH\Database\BaseConnection.php on line 427.
 1 SYSTEMPATH\Database\BaseConnection.php(573): CodeIgniter\Database\BaseConnection->initialize()
 2 SYSTEMPATH\Database\BaseBuilder.php(1616): CodeIgniter\Database\BaseConnection->query('SELECT *
FROM `amos`
ORDER BY `id` ASC', [], false)
 3 SYSTEMPATH\Model.php(241): CodeIgniter\Database\BaseBuilder->get()
 4 SYSTEMPATH\BaseModel.php(618): CodeIgniter\Model->doFindAll(0, 0)
 5 APPPATH\Controllers\amoController.php(20): CodeIgniter\BaseModel->findAll()
 6 SYSTEMPATH\CodeIgniter.php(934): App\Controllers\amoController->mostrarAmos()
 7 SYSTEMPATH\CodeIgniter.php(499): CodeIgniter\CodeIgniter->runController(Object(App\Controllers\amoController))
 8 SYSTEMPATH\CodeIgniter.php(368): CodeIgniter\CodeIgniter->handleRequest(null, Object(Config\Cache), false)
 9 FCPATH\index.php(67): CodeIgniter\CodeIgniter->run()
ERROR - 2023-05-28 01:27:52 --> mysqli_sql_exception: Unknown column 'id' in 'order clause' in C:\xampp\htdocs\veterinaria\system\Database\MySQLi\Connection.php:295
Stack trace:
#0 C:\xampp\htdocs\veterinaria\system\Database\MySQLi\Connection.php(295): mysqli->query('SELECT *\nFROM `...', 0)
#1 C:\xampp\htdocs\veterinaria\system\Database\BaseConnection.php(691): CodeIgniter\Database\MySQLi\Connection->execute('SELECT *\nFROM `...')
#2 C:\xampp\htdocs\veterinaria\system\Database\BaseConnection.php(605): CodeIgniter\Database\BaseConnection->simpleQuery('SELECT *\nFROM `...')
#3 C:\xampp\htdocs\veterinaria\system\Database\BaseBuilder.php(1616): CodeIgniter\Database\BaseConnection->query('SELECT *\nFROM `...', Array, false)
#4 C:\xampp\htdocs\veterinaria\system\Model.php(241): CodeIgniter\Database\BaseBuilder->get()
#5 C:\xampp\htdocs\veterinaria\system\BaseModel.php(618): CodeIgniter\Model->doFindAll(0, 0)
#6 C:\xampp\htdocs\veterinaria\app\Controllers\amoController.php(20): CodeIgniter\BaseModel->findAll()
#7 C:\xampp\htdocs\veterinaria\system\CodeIgniter.php(934): App\Controllers\amoController->mostrarAmos()
#8 C:\xampp\htdocs\veterinaria\system\CodeIgniter.php(499): CodeIgniter\CodeIgniter->runController(Object(App\Controllers\amoController))
#9 C:\xampp\htdocs\veterinaria\system\CodeIgniter.php(368): CodeIgniter\CodeIgniter->handleRequest(NULL, Object(Config\Cache), false)
#10 C:\xampp\htdocs\veterinaria\index.php(67): CodeIgniter\CodeIgniter->run()
#11 {main}
CRITICAL - 2023-05-28 01:27:52 --> Unknown column 'id' in 'order clause'
in SYSTEMPATH\Database\MySQLi\Connection.php on line 295.
 1 SYSTEMPATH\Database\MySQLi\Connection.php(295): mysqli->query('SELECT *
FROM `amos`
ORDER BY `id` ASC', 0)
 2 SYSTEMPATH\Database\BaseConnection.php(691): CodeIgniter\Database\MySQLi\Connection->execute('SELECT *
FROM `amos`
ORDER BY `id` ASC')
 3 SYSTEMPATH\Database\BaseConnection.php(605): CodeIgniter\Database\BaseConnection->simpleQuery('SELECT *
FROM `amos`
ORDER BY `id` ASC')
 4 SYSTEMPATH\Database\BaseBuilder.php(1616): CodeIgniter\Database\BaseConnection->query('SELECT *
FROM `amos`
ORDER BY `id` ASC', [], false)
 5 SYSTEMPATH\Model.php(241): CodeIgniter\Database\BaseBuilder->get()
 6 SYSTEMPATH\BaseModel.php(618): CodeIgniter\Model->doFindAll(0, 0)
 7 APPPATH\Controllers\amoController.php(20): CodeIgniter\BaseModel->findAll()
 8 SYSTEMPATH\CodeIgniter.php(934): App\Controllers\amoController->mostrarAmos()
 9 SYSTEMPATH\CodeIgniter.php(499): CodeIgniter\CodeIgniter->runController(Object(App\Controllers\amoController))
10 SYSTEMPATH\CodeIgniter.php(368): CodeIgniter\CodeIgniter->handleRequest(null, Object(Config\Cache), false)
11 FCPATH\index.php(67): CodeIgniter\CodeIgniter->run()
ERROR - 2023-05-28 01:42:50 --> mysqli_sql_exception: Unknown column 'id_mascotas' in 'order clause' in C:\xampp\htdocs\veterinaria\system\Database\MySQLi\Connection.php:295
Stack trace:
#0 C:\xampp\htdocs\veterinaria\system\Database\MySQLi\Connection.php(295): mysqli->query('SELECT *\nFROM `...', 0)
#1 C:\xampp\htdocs\veterinaria\system\Database\BaseConnection.php(691): CodeIgniter\Database\MySQLi\Connection->execute('SELECT *\nFROM `...')
#2 C:\xampp\htdocs\veterinaria\system\Database\BaseConnection.php(605): CodeIgniter\Database\BaseConnection->simpleQuery('SELECT *\nFROM `...')
#3 C:\xampp\htdocs\veterinaria\system\Database\BaseBuilder.php(1616): CodeIgniter\Database\BaseConnection->query('SELECT *\nFROM `...', Array, false)
#4 C:\xampp\htdocs\veterinaria\system\Model.php(241): CodeIgniter\Database\BaseBuilder->get()
#5 C:\xampp\htdocs\veterinaria\system\BaseModel.php(618): CodeIgniter\Model->doFindAll(0, 0)
#6 C:\xampp\htdocs\veterinaria\app\Controllers\mascotaController.php(19): CodeIgniter\BaseModel->findAll()
#7 C:\xampp\htdocs\veterinaria\system\CodeIgniter.php(934): App\Controllers\mascotaController->mostrarMascotas()
#8 C:\xampp\htdocs\veterinaria\system\CodeIgniter.php(499): CodeIgniter\CodeIgniter->runController(Object(App\Controllers\mascotaController))
#9 C:\xampp\htdocs\veterinaria\system\CodeIgniter.php(368): CodeIgniter\CodeIgniter->handleRequest(NULL, Object(Config\Cache), false)
#10 C:\xampp\htdocs\veterinaria\index.php(67): CodeIgniter\CodeIgniter->run()
#11 {main}
CRITICAL - 2023-05-28 01:42:50 --> Unknown column 'id_mascotas' in 'order clause'
in SYSTEMPATH\Database\MySQLi\Connection.php on line 295.
 1 SYSTEMPATH\Database\MySQLi\Connection.php(295): mysqli->query('SELECT *
FROM `mascotas`
ORDER BY `id_mascotas` ASC', 0)
 2 SYSTEMPATH\Database\BaseConnection.php(691): CodeIgniter\Database\MySQLi\Connection->execute('SELECT *
FROM `mascotas`
ORDER BY `id_mascotas` ASC')
 3 SYSTEMPATH\Database\BaseConnection.php(605): CodeIgniter\Database\BaseConnection->simpleQuery('SELECT *
FROM `mascotas`
ORDER BY `id_mascotas` ASC')
 4 SYSTEMPATH\Database\BaseBuilder.php(1616): CodeIgniter\Database\BaseConnection->query('SELECT *
FROM `mascotas`
ORDER BY `id_mascotas` ASC', [], false)
 5 SYSTEMPATH\Model.php(241): CodeIgniter\Database\BaseBuilder->get()
 6 SYSTEMPATH\BaseModel.php(618): CodeIgniter\Model->doFindAll(0, 0)
 7 APPPATH\Controllers\mascotaController.php(19): CodeIgniter\BaseModel->findAll()
 8 SYSTEMPATH\CodeIgniter.php(934): App\Controllers\mascotaController->mostrarMascotas()
 9 SYSTEMPATH\CodeIgniter.php(499): CodeIgniter\CodeIgniter->runController(Object(App\Controllers\mascotaController))
10 SYSTEMPATH\CodeIgniter.php(368): CodeIgniter\CodeIgniter->handleRequest(null, Object(Config\Cache), false)
11 FCPATH\index.php(67): CodeIgniter\CodeIgniter->run()
CRITICAL - 2023-05-28 01:43:21 --> Undefined variable $mascotas
in APPPATH\Views\mascotas\mostrarMascotas.php on line 6.
 1 APPPATH\Views\mascotas\mostrarMascotas.php(6): CodeIgniter\Debug\Exceptions->errorHandler(2, 'Undefined variable $mascotas', 'C:\\xampp\\htdocs\\veterinaria\\app\\Views\\mascotas\\mostrarMascotas.php', 6)
 2 SYSTEMPATH\View\View.php(213): include('C:\\xampp\\htdocs\\veterinaria\\app\\Views\\mascotas\\mostrarMascotas.php')
 3 SYSTEMPATH\View\View.php(216): CodeIgniter\View\View->CodeIgniter\View\{closure}()
 4 SYSTEMPATH\Common.php(1184): CodeIgniter\View\View->render('mascotas/mostrarMascotas', [], true)
 5 APPPATH\Controllers\mascotaController.php(20): view('mascotas/mostrarMascotas')
 6 SYSTEMPATH\CodeIgniter.php(934): App\Controllers\mascotaController->mostrarMascotas()
 7 SYSTEMPATH\CodeIgniter.php(499): CodeIgniter\CodeIgniter->runController(Object(App\Controllers\mascotaController))
 8 SYSTEMPATH\CodeIgniter.php(368): CodeIgniter\CodeIgniter->handleRequest(null, Object(Config\Cache), false)
 9 FCPATH\index.php(67): CodeIgniter\CodeIgniter->run()
CRITICAL - 2023-05-28 01:50:12 --> Class "App\Controllers\veterinarioModel" not found
in APPPATH\Controllers\veterinarioController.php on line 20.
 1 SYSTEMPATH\CodeIgniter.php(934): App\Controllers\veterinarioController->mostrarVeterinarios()
 2 SYSTEMPATH\CodeIgniter.php(499): CodeIgniter\CodeIgniter->runController(Object(App\Controllers\veterinarioController))
 3 SYSTEMPATH\CodeIgniter.php(368): CodeIgniter\CodeIgniter->handleRequest(null, Object(Config\Cache), false)
 4 FCPATH\index.php(67): CodeIgniter\CodeIgniter->run()
ERROR - 2023-05-28 23:34:51 --> mysqli_sql_exception: Column 'sexo' cannot be null in C:\xampp\htdocs\veterinaria\system\Database\MySQLi\Connection.php:295
Stack trace:
#0 C:\xampp\htdocs\veterinaria\system\Database\MySQLi\Connection.php(295): mysqli->query('INSERT INTO `ma...', 0)
#1 C:\xampp\htdocs\veterinaria\system\Database\BaseConnection.php(691): CodeIgniter\Database\MySQLi\Connection->execute('INSERT INTO `ma...')
#2 C:\xampp\htdocs\veterinaria\system\Database\BaseConnection.php(605): CodeIgniter\Database\BaseConnection->simpleQuery('INSERT INTO `ma...')
#3 C:\xampp\htdocs\veterinaria\system\Database\BaseBuilder.php(2309): CodeIgniter\Database\BaseConnection->query('INSERT INTO `ma...', Array, false)
#4 C:\xampp\htdocs\veterinaria\system\Model.php(330): CodeIgniter\Database\BaseBuilder->insert()
#5 C:\xampp\htdocs\veterinaria\system\BaseModel.php(782): CodeIgniter\Model->doInsert(Array)
#6 C:\xampp\htdocs\veterinaria\system\Model.php(730): CodeIgniter\BaseModel->insert(Array, true)
#7 C:\xampp\htdocs\veterinaria\app\Controllers\mascotaController.php(34): CodeIgniter\Model->insert(Array)
#8 C:\xampp\htdocs\veterinaria\system\CodeIgniter.php(934): App\Controllers\mascotaController->cargarMascota()
#9 C:\xampp\htdocs\veterinaria\system\CodeIgniter.php(499): CodeIgniter\CodeIgniter->runController(Object(App\Controllers\mascotaController))
#10 C:\xampp\htdocs\veterinaria\system\CodeIgniter.php(368): CodeIgniter\CodeIgniter->handleRequest(NULL, Object(Config\Cache), false)
#11 C:\xampp\htdocs\veterinaria\index.php(67): CodeIgniter\CodeIgniter->run()
#12 {main}
CRITICAL - 2023-05-28 23:34:51 --> Column 'sexo' cannot be null
in SYSTEMPATH\Database\MySQLi\Connection.php on line 295.
 1 SYSTEMPATH\Database\MySQLi\Connection.php(295): mysqli->query('INSERT INTO `mascotas` (`nombre`, `raza`, `especie`, `sexo`, `edad`) VALUES (\'TOTO\', \'Perro, caniche\', \'Mamífero\', NULL, \'1 MES\')', 0)
 2 SYSTEMPATH\Database\BaseConnection.php(691): CodeIgniter\Database\MySQLi\Connection->execute('INSERT INTO `mascotas` (`nombre`, `raza`, `especie`, `sexo`, `edad`) VALUES (\'TOTO\', \'Perro, caniche\', \'Mamífero\', NULL, \'1 MES\')')
 3 SYSTEMPATH\Database\BaseConnection.php(605): CodeIgniter\Database\BaseConnection->simpleQuery('INSERT INTO `mascotas` (`nombre`, `raza`, `especie`, `sexo`, `edad`) VALUES (\'TOTO\', \'Perro, caniche\', \'Mamífero\', NULL, \'1 MES\')')
 4 SYSTEMPATH\Database\BaseBuilder.php(2309): CodeIgniter\Database\BaseConnection->query('INSERT INTO `mascotas` (`nombre`, `raza`, `especie`, `sexo`, `edad`) VALUES (:nombre:, :raza:, :especie:, :sexo:, :edad:)', [...], false)
 5 SYSTEMPATH\Model.php(330): CodeIgniter\Database\BaseBuilder->insert()
 6 SYSTEMPATH\BaseModel.php(782): CodeIgniter\Model->doInsert([...])
 7 SYSTEMPATH\Model.php(730): CodeIgniter\BaseModel->insert([...], true)
 8 APPPATH\Controllers\mascotaController.php(34): CodeIgniter\Model->insert([...])
 9 SYSTEMPATH\CodeIgniter.php(934): App\Controllers\mascotaController->cargarMascota()
10 SYSTEMPATH\CodeIgniter.php(499): CodeIgniter\CodeIgniter->runController(Object(App\Controllers\mascotaController))
11 SYSTEMPATH\CodeIgniter.php(368): CodeIgniter\CodeIgniter->handleRequest(null, Object(Config\Cache), false)
12 FCPATH\index.php(67): CodeIgniter\CodeIgniter->run()
CRITICAL - 2023-05-28 23:46:56 --> Undefined variable $mascotaModel
in APPPATH\Controllers\mascotaController.php on line 35.
 1 APPPATH\Controllers\mascotaController.php(35): CodeIgniter\Debug\Exceptions->errorHandler(2, 'Undefined variable $mascotaModel', 'C:\\xampp\\htdocs\\veterinaria\\app\\Controllers\\mascotaController.php', 35)
 2 SYSTEMPATH\CodeIgniter.php(934): App\Controllers\mascotaController->cargarMascota()
 3 SYSTEMPATH\CodeIgniter.php(499): CodeIgniter\CodeIgniter->runController(Object(App\Controllers\mascotaController))
 4 SYSTEMPATH\CodeIgniter.php(368): CodeIgniter\CodeIgniter->handleRequest(null, Object(Config\Cache), false)
 5 FCPATH\index.php(67): CodeIgniter\CodeIgniter->run()
