CRITICAL - 2023-05-30 02:33:40 --> Undefined variable $existingAmo
in APPPATH\Views\mascotas\mostrarM.php on line 10.
 1 APPPATH\Views\mascotas\mostrarM.php(10): CodeIgniter\Debug\Exceptions->errorHandler(2, 'Undefined variable $existingAmo', 'C:\\xampp\\htdocs\\veterinaria\\app\\Views\\mascotas\\mostrarM.php', 10)
 2 SYSTEMPATH\View\View.php(213): include('C:\\xampp\\htdocs\\veterinaria\\app\\Views\\mascotas\\mostrarM.php')
 3 SYSTEMPATH\View\View.php(216): CodeIgniter\View\View->CodeIgniter\View\{closure}()
 4 SYSTEMPATH\Common.php(1184): CodeIgniter\View\View->render('/mascotas/mostrarM', [], true)
 5 APPPATH\Controllers\mascotaController.php(98): view('/mascotas/mostrarM', [...])
 6 SYSTEMPATH\CodeIgniter.php(934): App\Controllers\mascotaController->mostrarM()
 7 SYSTEMPATH\CodeIgniter.php(499): CodeIgniter\CodeIgniter->runController(Object(App\Controllers\mascotaController))
 8 SYSTEMPATH\CodeIgniter.php(368): CodeIgniter\CodeIgniter->handleRequest(null, Object(Config\Cache), false)
 9 FCPATH\index.php(67): CodeIgniter\CodeIgniter->run()
CRITICAL - 2023-05-30 02:35:06 --> Undefined array key "apellido"
in APPPATH\Views\mascotas\mostrarM.php on line 10.
 1 APPPATH\Views\mascotas\mostrarM.php(10): CodeIgniter\Debug\Exceptions->errorHandler(2, 'Undefined array key "apellido"', 'C:\\xampp\\htdocs\\veterinaria\\app\\Views\\mascotas\\mostrarM.php', 10)
 2 SYSTEMPATH\View\View.php(213): include('C:\\xampp\\htdocs\\veterinaria\\app\\Views\\mascotas\\mostrarM.php')
 3 SYSTEMPATH\View\View.php(216): CodeIgniter\View\View->CodeIgniter\View\{closure}()
 4 SYSTEMPATH\Common.php(1184): CodeIgniter\View\View->render('/mascotas/mostrarM', [], true)
 5 APPPATH\Controllers\mascotaController.php(98): view('/mascotas/mostrarM', [...])
 6 SYSTEMPATH\CodeIgniter.php(934): App\Controllers\mascotaController->mostrarM()
 7 SYSTEMPATH\CodeIgniter.php(499): CodeIgniter\CodeIgniter->runController(Object(App\Controllers\mascotaController))
 8 SYSTEMPATH\CodeIgniter.php(368): CodeIgniter\CodeIgniter->handleRequest(null, Object(Config\Cache), false)
 9 FCPATH\index.php(67): CodeIgniter\CodeIgniter->run()
CRITICAL - 2023-05-30 02:40:09 --> Undefined array key "apellido"
in APPPATH\Views\mascotas\mostrarM.php on line 10.
 1 APPPATH\Views\mascotas\mostrarM.php(10): CodeIgniter\Debug\Exceptions->errorHandler(2, 'Undefined array key "apellido"', 'C:\\xampp\\htdocs\\veterinaria\\app\\Views\\mascotas\\mostrarM.php', 10)
 2 SYSTEMPATH\View\View.php(213): include('C:\\xampp\\htdocs\\veterinaria\\app\\Views\\mascotas\\mostrarM.php')
 3 SYSTEMPATH\View\View.php(216): CodeIgniter\View\View->CodeIgniter\View\{closure}()
 4 SYSTEMPATH\Common.php(1184): CodeIgniter\View\View->render('/mascotas/mostrarM', [], true)
 5 APPPATH\Controllers\mascotaController.php(98): view('/mascotas/mostrarM', [...])
 6 SYSTEMPATH\CodeIgniter.php(934): App\Controllers\mascotaController->mostrarM()
 7 SYSTEMPATH\CodeIgniter.php(499): CodeIgniter\CodeIgniter->runController(Object(App\Controllers\mascotaController))
 8 SYSTEMPATH\CodeIgniter.php(368): CodeIgniter\CodeIgniter->handleRequest(null, Object(Config\Cache), false)
 9 FCPATH\index.php(67): CodeIgniter\CodeIgniter->run()
CRITICAL - 2023-05-30 02:40:25 --> Undefined array key "apellido"
in APPPATH\Views\mascotas\mostrarM.php on line 10.
 1 APPPATH\Views\mascotas\mostrarM.php(10): CodeIgniter\Debug\Exceptions->errorHandler(2, 'Undefined array key "apellido"', 'C:\\xampp\\htdocs\\veterinaria\\app\\Views\\mascotas\\mostrarM.php', 10)
 2 SYSTEMPATH\View\View.php(213): include('C:\\xampp\\htdocs\\veterinaria\\app\\Views\\mascotas\\mostrarM.php')
 3 SYSTEMPATH\View\View.php(216): CodeIgniter\View\View->CodeIgniter\View\{closure}()
 4 SYSTEMPATH\Common.php(1184): CodeIgniter\View\View->render('/mascotas/mostrarM', [], true)
 5 APPPATH\Controllers\mascotaController.php(98): view('/mascotas/mostrarM', [...])
 6 SYSTEMPATH\CodeIgniter.php(934): App\Controllers\mascotaController->mostrarM()
 7 SYSTEMPATH\CodeIgniter.php(499): CodeIgniter\CodeIgniter->runController(Object(App\Controllers\mascotaController))
 8 SYSTEMPATH\CodeIgniter.php(368): CodeIgniter\CodeIgniter->handleRequest(null, Object(Config\Cache), false)
 9 FCPATH\index.php(67): CodeIgniter\CodeIgniter->run()
CRITICAL - 2023-05-30 02:40:57 --> Undefined array key "dni"
in APPPATH\Views\mascotas\mostrarM.php on line 11.
 1 APPPATH\Views\mascotas\mostrarM.php(11): CodeIgniter\Debug\Exceptions->errorHandler(2, 'Undefined array key "dni"', 'C:\\xampp\\htdocs\\veterinaria\\app\\Views\\mascotas\\mostrarM.php', 11)
 2 SYSTEMPATH\View\View.php(213): include('C:\\xampp\\htdocs\\veterinaria\\app\\Views\\mascotas\\mostrarM.php')
 3 SYSTEMPATH\View\View.php(216): CodeIgniter\View\View->CodeIgniter\View\{closure}()
 4 SYSTEMPATH\Common.php(1184): CodeIgniter\View\View->render('/mascotas/mostrarM', [], true)
 5 APPPATH\Controllers\mascotaController.php(98): view('/mascotas/mostrarM', [...])
 6 SYSTEMPATH\CodeIgniter.php(934): App\Controllers\mascotaController->mostrarM()
 7 SYSTEMPATH\CodeIgniter.php(499): CodeIgniter\CodeIgniter->runController(Object(App\Controllers\mascotaController))
 8 SYSTEMPATH\CodeIgniter.php(368): CodeIgniter\CodeIgniter->handleRequest(null, Object(Config\Cache), false)
 9 FCPATH\index.php(67): CodeIgniter\CodeIgniter->run()
CRITICAL - 2023-05-30 02:41:21 --> Undefined array key "direccion"
in APPPATH\Views\mascotas\mostrarM.php on line 21.
 1 APPPATH\Views\mascotas\mostrarM.php(21): CodeIgniter\Debug\Exceptions->errorHandler(2, 'Undefined array key "direccion"', 'C:\\xampp\\htdocs\\veterinaria\\app\\Views\\mascotas\\mostrarM.php', 21)
 2 SYSTEMPATH\View\View.php(213): include('C:\\xampp\\htdocs\\veterinaria\\app\\Views\\mascotas\\mostrarM.php')
 3 SYSTEMPATH\View\View.php(216): CodeIgniter\View\View->CodeIgniter\View\{closure}()
 4 SYSTEMPATH\Common.php(1184): CodeIgniter\View\View->render('/mascotas/mostrarM', [], true)
 5 APPPATH\Controllers\mascotaController.php(98): view('/mascotas/mostrarM', [...])
 6 SYSTEMPATH\CodeIgniter.php(934): App\Controllers\mascotaController->mostrarM()
 7 SYSTEMPATH\CodeIgniter.php(499): CodeIgniter\CodeIgniter->runController(Object(App\Controllers\mascotaController))
 8 SYSTEMPATH\CodeIgniter.php(368): CodeIgniter\CodeIgniter->handleRequest(null, Object(Config\Cache), false)
 9 FCPATH\index.php(67): CodeIgniter\CodeIgniter->run()
CRITICAL - 2023-05-30 02:45:48 --> Array to string conversion
in APPPATH\Views\mascotas\mostrarM.php on line 45.
 1 APPPATH\Views\mascotas\mostrarM.php(45): CodeIgniter\Debug\Exceptions->errorHandler(2, 'Array to string conversion', 'C:\\xampp\\htdocs\\veterinaria\\app\\Views\\mascotas\\mostrarM.php', 45)
 2 SYSTEMPATH\View\View.php(213): include('C:\\xampp\\htdocs\\veterinaria\\app\\Views\\mascotas\\mostrarM.php')
 3 SYSTEMPATH\View\View.php(216): CodeIgniter\View\View->CodeIgniter\View\{closure}()
 4 SYSTEMPATH\Common.php(1184): CodeIgniter\View\View->render('/mascotas/mostrarM', [], true)
 5 APPPATH\Controllers\mascotaController.php(98): view('/mascotas/mostrarM', [...])
 6 SYSTEMPATH\CodeIgniter.php(934): App\Controllers\mascotaController->mostrarM()
 7 SYSTEMPATH\CodeIgniter.php(499): CodeIgniter\CodeIgniter->runController(Object(App\Controllers\mascotaController))
 8 SYSTEMPATH\CodeIgniter.php(368): CodeIgniter\CodeIgniter->handleRequest(null, Object(Config\Cache), false)
 9 FCPATH\index.php(67): CodeIgniter\CodeIgniter->run()
CRITICAL - 2023-05-30 05:16:49 --> Undefined constant "Config\routes"
in APPPATH\Config\Routes.php on line 50.
 1 SYSTEMPATH\Router\RouteCollection.php(267): require()
 2 SYSTEMPATH\CodeIgniter.php(802): CodeIgniter\Router\RouteCollection->loadRoutes()
 3 SYSTEMPATH\CodeIgniter.php(449): CodeIgniter\CodeIgniter->tryToRouteIt(null)
 4 SYSTEMPATH\CodeIgniter.php(368): CodeIgniter\CodeIgniter->handleRequest(null, Object(Config\Cache), false)
 5 FCPATH\index.php(67): CodeIgniter\CodeIgniter->run()
CRITICAL - 2023-05-30 05:17:01 --> Undefined constant "Config\routes"
in APPPATH\Config\Routes.php on line 50.
 1 SYSTEMPATH\Router\RouteCollection.php(267): require()
 2 SYSTEMPATH\CodeIgniter.php(802): CodeIgniter\Router\RouteCollection->loadRoutes()
 3 SYSTEMPATH\CodeIgniter.php(449): CodeIgniter\CodeIgniter->tryToRouteIt(null)
 4 SYSTEMPATH\CodeIgniter.php(368): CodeIgniter\CodeIgniter->handleRequest(null, Object(Config\Cache), false)
 5 FCPATH\index.php(67): CodeIgniter\CodeIgniter->run()
CRITICAL - 2023-05-30 05:17:06 --> Undefined constant "Config\routes"
in APPPATH\Config\Routes.php on line 50.
 1 SYSTEMPATH\Router\RouteCollection.php(267): require()
 2 SYSTEMPATH\CodeIgniter.php(802): CodeIgniter\Router\RouteCollection->loadRoutes()
 3 SYSTEMPATH\CodeIgniter.php(449): CodeIgniter\CodeIgniter->tryToRouteIt(null)
 4 SYSTEMPATH\CodeIgniter.php(368): CodeIgniter\CodeIgniter->handleRequest(null, Object(Config\Cache), false)
 5 FCPATH\index.php(67): CodeIgniter\CodeIgniter->run()
CRITICAL - 2023-05-30 05:17:58 --> Undefined array key "nro_registro"
in APPPATH\Models\mascotaModel.php on line 11.
 1 APPPATH\Models\mascotaModel.php(11): CodeIgniter\Debug\Exceptions->errorHandler(2, 'Undefined array key "nro_registro"', 'C:\\xampp\\htdocs\\veterinaria\\app\\Models\\mascotaModel.php', 11)
 2 APPPATH\Controllers\mascotaController.php(36): App\Models\mascotaModel->insertar([...])
 3 SYSTEMPATH\CodeIgniter.php(934): App\Controllers\mascotaController->cargarMascota()
 4 SYSTEMPATH\CodeIgniter.php(499): CodeIgniter\CodeIgniter->runController(Object(App\Controllers\mascotaController))
 5 SYSTEMPATH\CodeIgniter.php(368): CodeIgniter\CodeIgniter->handleRequest(null, Object(Config\Cache), false)
 6 FCPATH\index.php(67): CodeIgniter\CodeIgniter->run()
CRITICAL - 2023-05-30 05:19:14 --> Undefined array key "nro_registro"
in APPPATH\Models\mascotaModel.php on line 11.
 1 APPPATH\Models\mascotaModel.php(11): CodeIgniter\Debug\Exceptions->errorHandler(2, 'Undefined array key "nro_registro"', 'C:\\xampp\\htdocs\\veterinaria\\app\\Models\\mascotaModel.php', 11)
 2 APPPATH\Controllers\mascotaController.php(36): App\Models\mascotaModel->insertar([...])
 3 SYSTEMPATH\CodeIgniter.php(934): App\Controllers\mascotaController->cargarMascota()
 4 SYSTEMPATH\CodeIgniter.php(499): CodeIgniter\CodeIgniter->runController(Object(App\Controllers\mascotaController))
 5 SYSTEMPATH\CodeIgniter.php(368): CodeIgniter\CodeIgniter->handleRequest(null, Object(Config\Cache), false)
 6 FCPATH\index.php(67): CodeIgniter\CodeIgniter->run()
CRITICAL - 2023-05-30 05:20:33 --> There is no data to update.
in SYSTEMPATH\BaseModel.php on line 1680.
 1 SYSTEMPATH\BaseModel.php(1680): CodeIgniter\Database\Exceptions\DataException::forEmptyDataset('update')
 2 SYSTEMPATH\BaseModel.php(910): CodeIgniter\BaseModel->transformDataToArray(null, 'update')
 3 SYSTEMPATH\Model.php(756): CodeIgniter\BaseModel->update([...], null)
 4 APPPATH\Models\mascotaModel.php(35): CodeIgniter\Model->update([...])
 5 APPPATH\Controllers\mascotaController.php(62): App\Models\mascotaModel->modificar([...])
 6 SYSTEMPATH\CodeIgniter.php(934): App\Controllers\mascotaController->hacerModificacion()
 7 SYSTEMPATH\CodeIgniter.php(499): CodeIgniter\CodeIgniter->runController(Object(App\Controllers\mascotaController))
 8 SYSTEMPATH\CodeIgniter.php(368): CodeIgniter\CodeIgniter->handleRequest(null, Object(Config\Cache), false)
 9 FCPATH\index.php(67): CodeIgniter\CodeIgniter->run()
CRITICAL - 2023-05-30 05:24:12 --> There is no data to update.
in SYSTEMPATH\BaseModel.php on line 1680.
 1 SYSTEMPATH\BaseModel.php(1680): CodeIgniter\Database\Exceptions\DataException::forEmptyDataset('update')
 2 SYSTEMPATH\BaseModel.php(910): CodeIgniter\BaseModel->transformDataToArray(null, 'update')
 3 SYSTEMPATH\Model.php(756): CodeIgniter\BaseModel->update([...], null)
 4 APPPATH\Models\mascotaModel.php(35): CodeIgniter\Model->update([...])
 5 APPPATH\Controllers\mascotaController.php(62): App\Models\mascotaModel->modificar([...])
 6 SYSTEMPATH\CodeIgniter.php(934): App\Controllers\mascotaController->hacerModificacion()
 7 SYSTEMPATH\CodeIgniter.php(499): CodeIgniter\CodeIgniter->runController(Object(App\Controllers\mascotaController))
 8 SYSTEMPATH\CodeIgniter.php(368): CodeIgniter\CodeIgniter->handleRequest(null, Object(Config\Cache), false)
 9 FCPATH\index.php(67): CodeIgniter\CodeIgniter->run()
CRITICAL - 2023-05-30 05:26:23 --> There is no data to update.
in SYSTEMPATH\BaseModel.php on line 1680.
 1 SYSTEMPATH\BaseModel.php(1680): CodeIgniter\Database\Exceptions\DataException::forEmptyDataset('update')
 2 SYSTEMPATH\BaseModel.php(910): CodeIgniter\BaseModel->transformDataToArray(null, 'update')
 3 SYSTEMPATH\Model.php(756): CodeIgniter\BaseModel->update([...], null)
 4 APPPATH\Models\mascotaModel.php(35): CodeIgniter\Model->update([...])
 5 APPPATH\Controllers\mascotaController.php(64): App\Models\mascotaModel->modificar([...])
 6 SYSTEMPATH\CodeIgniter.php(934): App\Controllers\mascotaController->hacerModificacion()
 7 SYSTEMPATH\CodeIgniter.php(499): CodeIgniter\CodeIgniter->runController(Object(App\Controllers\mascotaController))
 8 SYSTEMPATH\CodeIgniter.php(368): CodeIgniter\CodeIgniter->handleRequest(null, Object(Config\Cache), false)
 9 FCPATH\index.php(67): CodeIgniter\CodeIgniter->run()
CRITICAL - 2023-05-30 05:26:29 --> There is no data to update.
in SYSTEMPATH\BaseModel.php on line 1680.
 1 SYSTEMPATH\BaseModel.php(1680): CodeIgniter\Database\Exceptions\DataException::forEmptyDataset('update')
 2 SYSTEMPATH\BaseModel.php(910): CodeIgniter\BaseModel->transformDataToArray(null, 'update')
 3 SYSTEMPATH\Model.php(756): CodeIgniter\BaseModel->update([...], null)
 4 APPPATH\Models\mascotaModel.php(35): CodeIgniter\Model->update([...])
 5 APPPATH\Controllers\mascotaController.php(64): App\Models\mascotaModel->modificar([...])
 6 SYSTEMPATH\CodeIgniter.php(934): App\Controllers\mascotaController->hacerModificacion()
 7 SYSTEMPATH\CodeIgniter.php(499): CodeIgniter\CodeIgniter->runController(Object(App\Controllers\mascotaController))
 8 SYSTEMPATH\CodeIgniter.php(368): CodeIgniter\CodeIgniter->handleRequest(null, Object(Config\Cache), false)
 9 FCPATH\index.php(67): CodeIgniter\CodeIgniter->run()
ERROR - 2023-05-30 05:47:28 --> mysqli_sql_exception: Unknown column 'registro' in 'where clause' in C:\xampp\htdocs\veterinaria\system\Database\MySQLi\Connection.php:295
Stack trace:
#0 C:\xampp\htdocs\veterinaria\system\Database\MySQLi\Connection.php(295): mysqli->query('SELECT *\nFROM `...', 0)
#1 C:\xampp\htdocs\veterinaria\system\Database\BaseConnection.php(691): CodeIgniter\Database\MySQLi\Connection->execute('SELECT *\nFROM `...')
#2 C:\xampp\htdocs\veterinaria\system\Database\BaseConnection.php(605): CodeIgniter\Database\BaseConnection->simpleQuery('SELECT *\nFROM `...')
#3 C:\xampp\htdocs\veterinaria\system\Database\BaseBuilder.php(1616): CodeIgniter\Database\BaseConnection->query('SELECT *\nFROM `...', Array, false)
#4 C:\xampp\htdocs\veterinaria\system\Model.php(268): CodeIgniter\Database\BaseBuilder->get()
#5 C:\xampp\htdocs\veterinaria\system\BaseModel.php(656): CodeIgniter\Model->doFirst()
#6 C:\xampp\htdocs\veterinaria\app\Models\mascotaModel.php(30): CodeIgniter\BaseModel->first()
#7 C:\xampp\htdocs\veterinaria\app\Controllers\mascotaController.php(83): App\Models\mascotaModel->existingMascota('11111')
#8 C:\xampp\htdocs\veterinaria\system\CodeIgniter.php(934): App\Controllers\mascotaController->modificarMascotas()
#9 C:\xampp\htdocs\veterinaria\system\CodeIgniter.php(499): CodeIgniter\CodeIgniter->runController(Object(App\Controllers\mascotaController))
#10 C:\xampp\htdocs\veterinaria\system\CodeIgniter.php(368): CodeIgniter\CodeIgniter->handleRequest(NULL, Object(Config\Cache), false)
#11 C:\xampp\htdocs\veterinaria\index.php(67): CodeIgniter\CodeIgniter->run()
#12 {main}
CRITICAL - 2023-05-30 05:47:28 --> Unknown column 'registro' in 'where clause'
in SYSTEMPATH\Database\MySQLi\Connection.php on line 295.
 1 SYSTEMPATH\Database\MySQLi\Connection.php(295): mysqli->query('SELECT *
FROM `mascotas`
WHERE `registro` = \'11111\'
 LIMIT 1', 0)
 2 SYSTEMPATH\Database\BaseConnection.php(691): CodeIgniter\Database\MySQLi\Connection->execute('SELECT *
FROM `mascotas`
WHERE `registro` = \'11111\'
 LIMIT 1')
 3 SYSTEMPATH\Database\BaseConnection.php(605): CodeIgniter\Database\BaseConnection->simpleQuery('SELECT *
FROM `mascotas`
WHERE `registro` = \'11111\'
 LIMIT 1')
 4 SYSTEMPATH\Database\BaseBuilder.php(1616): CodeIgniter\Database\BaseConnection->query('SELECT *
FROM `mascotas`
WHERE `registro` = :registro:
 LIMIT 1', [...], false)
 5 SYSTEMPATH\Model.php(268): CodeIgniter\Database\BaseBuilder->get()
 6 SYSTEMPATH\BaseModel.php(656): CodeIgniter\Model->doFirst()
 7 APPPATH\Models\mascotaModel.php(30): CodeIgniter\BaseModel->first()
 8 APPPATH\Controllers\mascotaController.php(83): App\Models\mascotaModel->existingMascota('11111')
 9 SYSTEMPATH\CodeIgniter.php(934): App\Controllers\mascotaController->modificarMascotas()
10 SYSTEMPATH\CodeIgniter.php(499): CodeIgniter\CodeIgniter->runController(Object(App\Controllers\mascotaController))
11 SYSTEMPATH\CodeIgniter.php(368): CodeIgniter\CodeIgniter->handleRequest(null, Object(Config\Cache), false)
12 FCPATH\index.php(67): CodeIgniter\CodeIgniter->run()
CRITICAL - 2023-05-30 05:48:00 --> Undefined array key "id"
in APPPATH\Models\mascotaModel.php on line 35.
 1 APPPATH\Models\mascotaModel.php(35): CodeIgniter\Debug\Exceptions->errorHandler(2, 'Undefined array key "id"', 'C:\\xampp\\htdocs\\veterinaria\\app\\Models\\mascotaModel.php', 35)
 2 APPPATH\Controllers\mascotaController.php(63): App\Models\mascotaModel->getID([...])
 3 SYSTEMPATH\CodeIgniter.php(934): App\Controllers\mascotaController->hacerModificacion()
 4 SYSTEMPATH\CodeIgniter.php(499): CodeIgniter\CodeIgniter->runController(Object(App\Controllers\mascotaController))
 5 SYSTEMPATH\CodeIgniter.php(368): CodeIgniter\CodeIgniter->handleRequest(null, Object(Config\Cache), false)
 6 FCPATH\index.php(67): CodeIgniter\CodeIgniter->run()
CRITICAL - 2023-05-30 05:56:47 --> Undefined array key "id"
in APPPATH\Models\mascotaModel.php on line 35.
 1 APPPATH\Models\mascotaModel.php(35): CodeIgniter\Debug\Exceptions->errorHandler(2, 'Undefined array key "id"', 'C:\\xampp\\htdocs\\veterinaria\\app\\Models\\mascotaModel.php', 35)
 2 APPPATH\Controllers\mascotaController.php(63): App\Models\mascotaModel->getID([...])
 3 SYSTEMPATH\CodeIgniter.php(934): App\Controllers\mascotaController->hacerModificacion()
 4 SYSTEMPATH\CodeIgniter.php(499): CodeIgniter\CodeIgniter->runController(Object(App\Controllers\mascotaController))
 5 SYSTEMPATH\CodeIgniter.php(368): CodeIgniter\CodeIgniter->handleRequest(null, Object(Config\Cache), false)
 6 FCPATH\index.php(67): CodeIgniter\CodeIgniter->run()
CRITICAL - 2023-05-30 05:57:04 --> Undefined array key "id"
in APPPATH\Models\mascotaModel.php on line 35.
 1 APPPATH\Models\mascotaModel.php(35): CodeIgniter\Debug\Exceptions->errorHandler(2, 'Undefined array key "id"', 'C:\\xampp\\htdocs\\veterinaria\\app\\Models\\mascotaModel.php', 35)
 2 APPPATH\Controllers\mascotaController.php(63): App\Models\mascotaModel->getID([...])
 3 SYSTEMPATH\CodeIgniter.php(934): App\Controllers\mascotaController->hacerModificacion()
 4 SYSTEMPATH\CodeIgniter.php(499): CodeIgniter\CodeIgniter->runController(Object(App\Controllers\mascotaController))
 5 SYSTEMPATH\CodeIgniter.php(368): CodeIgniter\CodeIgniter->handleRequest(null, Object(Config\Cache), false)
 6 FCPATH\index.php(67): CodeIgniter\CodeIgniter->run()
CRITICAL - 2023-05-30 06:04:07 --> Undefined array key "id"
in APPPATH\Models\mascotaModel.php on line 37.
 1 APPPATH\Models\mascotaModel.php(37): CodeIgniter\Debug\Exceptions->errorHandler(2, 'Undefined array key "id"', 'C:\\xampp\\htdocs\\veterinaria\\app\\Models\\mascotaModel.php', 37)
 2 APPPATH\Controllers\mascotaController.php(65): App\Models\mascotaModel->modificar([...])
 3 SYSTEMPATH\CodeIgniter.php(934): App\Controllers\mascotaController->hacerModificacion()
 4 SYSTEMPATH\CodeIgniter.php(499): CodeIgniter\CodeIgniter->runController(Object(App\Controllers\mascotaController))
 5 SYSTEMPATH\CodeIgniter.php(368): CodeIgniter\CodeIgniter->handleRequest(null, Object(Config\Cache), false)
 6 FCPATH\index.php(67): CodeIgniter\CodeIgniter->run()
CRITICAL - 2023-05-30 06:04:26 --> There is no data to update.
in SYSTEMPATH\BaseModel.php on line 1680.
 1 SYSTEMPATH\BaseModel.php(1680): CodeIgniter\Database\Exceptions\DataException::forEmptyDataset('update')
 2 SYSTEMPATH\BaseModel.php(910): CodeIgniter\BaseModel->transformDataToArray(null, 'update')
 3 SYSTEMPATH\Model.php(756): CodeIgniter\BaseModel->update([...], null)
 4 APPPATH\Models\mascotaModel.php(37): CodeIgniter\Model->update([...])
 5 APPPATH\Controllers\mascotaController.php(65): App\Models\mascotaModel->modificar([...])
 6 SYSTEMPATH\CodeIgniter.php(934): App\Controllers\mascotaController->hacerModificacion()
 7 SYSTEMPATH\CodeIgniter.php(499): CodeIgniter\CodeIgniter->runController(Object(App\Controllers\mascotaController))
 8 SYSTEMPATH\CodeIgniter.php(368): CodeIgniter\CodeIgniter->handleRequest(null, Object(Config\Cache), false)
 9 FCPATH\index.php(67): CodeIgniter\CodeIgniter->run()
CRITICAL - 2023-05-30 06:04:37 --> There is no data to update.
in SYSTEMPATH\BaseModel.php on line 1680.
 1 SYSTEMPATH\BaseModel.php(1680): CodeIgniter\Database\Exceptions\DataException::forEmptyDataset('update')
 2 SYSTEMPATH\BaseModel.php(910): CodeIgniter\BaseModel->transformDataToArray(null, 'update')
 3 SYSTEMPATH\Model.php(756): CodeIgniter\BaseModel->update([...], null)
 4 APPPATH\Models\mascotaModel.php(37): CodeIgniter\Model->update([...])
 5 APPPATH\Controllers\mascotaController.php(65): App\Models\mascotaModel->modificar([...])
 6 SYSTEMPATH\CodeIgniter.php(934): App\Controllers\mascotaController->hacerModificacion()
 7 SYSTEMPATH\CodeIgniter.php(499): CodeIgniter\CodeIgniter->runController(Object(App\Controllers\mascotaController))
 8 SYSTEMPATH\CodeIgniter.php(368): CodeIgniter\CodeIgniter->handleRequest(null, Object(Config\Cache), false)
 9 FCPATH\index.php(67): CodeIgniter\CodeIgniter->run()
CRITICAL - 2023-05-30 06:05:15 --> There is no data to update.
in SYSTEMPATH\BaseModel.php on line 1680.
 1 SYSTEMPATH\BaseModel.php(1680): CodeIgniter\Database\Exceptions\DataException::forEmptyDataset('update')
 2 SYSTEMPATH\BaseModel.php(910): CodeIgniter\BaseModel->transformDataToArray(null, 'update')
 3 SYSTEMPATH\Model.php(756): CodeIgniter\BaseModel->update([...], null)
 4 APPPATH\Models\mascotaModel.php(37): CodeIgniter\Model->update([...])
 5 APPPATH\Controllers\mascotaController.php(65): App\Models\mascotaModel->modificar([...])
 6 SYSTEMPATH\CodeIgniter.php(934): App\Controllers\mascotaController->hacerModificacion()
 7 SYSTEMPATH\CodeIgniter.php(499): CodeIgniter\CodeIgniter->runController(Object(App\Controllers\mascotaController))
 8 SYSTEMPATH\CodeIgniter.php(368): CodeIgniter\CodeIgniter->handleRequest(null, Object(Config\Cache), false)
 9 FCPATH\index.php(67): CodeIgniter\CodeIgniter->run()
CRITICAL - 2023-05-30 06:05:15 --> There is no data to update.
in SYSTEMPATH\BaseModel.php on line 1680.
 1 SYSTEMPATH\BaseModel.php(1680): CodeIgniter\Database\Exceptions\DataException::forEmptyDataset('update')
 2 SYSTEMPATH\BaseModel.php(910): CodeIgniter\BaseModel->transformDataToArray(null, 'update')
 3 SYSTEMPATH\Model.php(756): CodeIgniter\BaseModel->update([...], null)
 4 APPPATH\Models\mascotaModel.php(37): CodeIgniter\Model->update([...])
 5 APPPATH\Controllers\mascotaController.php(65): App\Models\mascotaModel->modificar([...])
 6 SYSTEMPATH\CodeIgniter.php(934): App\Controllers\mascotaController->hacerModificacion()
 7 SYSTEMPATH\CodeIgniter.php(499): CodeIgniter\CodeIgniter->runController(Object(App\Controllers\mascotaController))
 8 SYSTEMPATH\CodeIgniter.php(368): CodeIgniter\CodeIgniter->handleRequest(null, Object(Config\Cache), false)
 9 FCPATH\index.php(67): CodeIgniter\CodeIgniter->run()
CRITICAL - 2023-05-30 06:07:40 --> There is no data to update.
in SYSTEMPATH\BaseModel.php on line 1680.
 1 SYSTEMPATH\BaseModel.php(1680): CodeIgniter\Database\Exceptions\DataException::forEmptyDataset('update')
 2 SYSTEMPATH\BaseModel.php(910): CodeIgniter\BaseModel->transformDataToArray(null, 'update')
 3 SYSTEMPATH\Model.php(756): CodeIgniter\BaseModel->update([...], null)
 4 APPPATH\Models\veterinarioModel.php(36): CodeIgniter\Model->update([...])
 5 APPPATH\Controllers\veterinarioController.php(71): App\Models\veterinarioModel->bajaVeterinario([...])
 6 SYSTEMPATH\CodeIgniter.php(934): App\Controllers\veterinarioController->nuevaBaja()
 7 SYSTEMPATH\CodeIgniter.php(499): CodeIgniter\CodeIgniter->runController(Object(App\Controllers\veterinarioController))
 8 SYSTEMPATH\CodeIgniter.php(368): CodeIgniter\CodeIgniter->handleRequest(null, Object(Config\Cache), false)
 9 FCPATH\index.php(67): CodeIgniter\CodeIgniter->run()
CRITICAL - 2023-05-30 06:11:06 --> Undefined variable $existingVeterinario
in APPPATH\Models\veterinarioModel.php on line 30.
 1 APPPATH\Models\veterinarioModel.php(30): CodeIgniter\Debug\Exceptions->errorHandler(2, 'Undefined variable $existingVeterinario', 'C:\\xampp\\htdocs\\veterinaria\\app\\Models\\veterinarioModel.php', 30)
 2 APPPATH\Controllers\veterinarioController.php(61): App\Models\veterinarioModel->bajaVeterinario([...])
 3 SYSTEMPATH\CodeIgniter.php(934): App\Controllers\veterinarioController->nuevaBaja()
 4 SYSTEMPATH\CodeIgniter.php(499): CodeIgniter\CodeIgniter->runController(Object(App\Controllers\veterinarioController))
 5 SYSTEMPATH\CodeIgniter.php(368): CodeIgniter\CodeIgniter->handleRequest(null, Object(Config\Cache), false)
 6 FCPATH\index.php(67): CodeIgniter\CodeIgniter->run()
CRITICAL - 2023-05-30 06:11:30 --> Undefined variable $existingVeterinario
in APPPATH\Models\veterinarioModel.php on line 34.
 1 APPPATH\Models\veterinarioModel.php(34): CodeIgniter\Debug\Exceptions->errorHandler(2, 'Undefined variable $existingVeterinario', 'C:\\xampp\\htdocs\\veterinaria\\app\\Models\\veterinarioModel.php', 34)
 2 APPPATH\Controllers\veterinarioController.php(61): App\Models\veterinarioModel->bajaVeterinario([...])
 3 SYSTEMPATH\CodeIgniter.php(934): App\Controllers\veterinarioController->nuevaBaja()
 4 SYSTEMPATH\CodeIgniter.php(499): CodeIgniter\CodeIgniter->runController(Object(App\Controllers\veterinarioController))
 5 SYSTEMPATH\CodeIgniter.php(368): CodeIgniter\CodeIgniter->handleRequest(null, Object(Config\Cache), false)
 6 FCPATH\index.php(67): CodeIgniter\CodeIgniter->run()
CRITICAL - 2023-05-30 06:12:00 --> Undefined variable $updateData
in APPPATH\Models\veterinarioModel.php on line 36.
 1 APPPATH\Models\veterinarioModel.php(36): CodeIgniter\Debug\Exceptions->errorHandler(2, 'Undefined variable $updateData', 'C:\\xampp\\htdocs\\veterinaria\\app\\Models\\veterinarioModel.php', 36)
 2 APPPATH\Controllers\veterinarioController.php(61): App\Models\veterinarioModel->bajaVeterinario([...])
 3 SYSTEMPATH\CodeIgniter.php(934): App\Controllers\veterinarioController->nuevaBaja()
 4 SYSTEMPATH\CodeIgniter.php(499): CodeIgniter\CodeIgniter->runController(Object(App\Controllers\veterinarioController))
 5 SYSTEMPATH\CodeIgniter.php(368): CodeIgniter\CodeIgniter->handleRequest(null, Object(Config\Cache), false)
 6 FCPATH\index.php(67): CodeIgniter\CodeIgniter->run()
CRITICAL - 2023-05-30 06:12:15 --> There is no data to update.
in SYSTEMPATH\BaseModel.php on line 1680.
 1 SYSTEMPATH\BaseModel.php(1680): CodeIgniter\Database\Exceptions\DataException::forEmptyDataset('update')
 2 SYSTEMPATH\BaseModel.php(910): CodeIgniter\BaseModel->transformDataToArray(null, 'update')
 3 SYSTEMPATH\Model.php(756): CodeIgniter\BaseModel->update([...], null)
 4 APPPATH\Models\veterinarioModel.php(36): CodeIgniter\Model->update([...])
 5 APPPATH\Controllers\veterinarioController.php(61): App\Models\veterinarioModel->bajaVeterinario([...])
 6 SYSTEMPATH\CodeIgniter.php(934): App\Controllers\veterinarioController->nuevaBaja()
 7 SYSTEMPATH\CodeIgniter.php(499): CodeIgniter\CodeIgniter->runController(Object(App\Controllers\veterinarioController))
 8 SYSTEMPATH\CodeIgniter.php(368): CodeIgniter\CodeIgniter->handleRequest(null, Object(Config\Cache), false)
 9 FCPATH\index.php(67): CodeIgniter\CodeIgniter->run()
CRITICAL - 2023-05-30 06:12:53 --> There is no data to update.
in SYSTEMPATH\BaseModel.php on line 1680.
 1 SYSTEMPATH\BaseModel.php(1680): CodeIgniter\Database\Exceptions\DataException::forEmptyDataset('update')
 2 SYSTEMPATH\BaseModel.php(910): CodeIgniter\BaseModel->transformDataToArray(null, 'update')
 3 SYSTEMPATH\Model.php(756): CodeIgniter\BaseModel->update([...], null)
 4 APPPATH\Models\mascotaModel.php(37): CodeIgniter\Model->update([...])
 5 APPPATH\Controllers\mascotaController.php(65): App\Models\mascotaModel->modificar([...])
 6 SYSTEMPATH\CodeIgniter.php(934): App\Controllers\mascotaController->hacerModificacion()
 7 SYSTEMPATH\CodeIgniter.php(499): CodeIgniter\CodeIgniter->runController(Object(App\Controllers\mascotaController))
 8 SYSTEMPATH\CodeIgniter.php(368): CodeIgniter\CodeIgniter->handleRequest(null, Object(Config\Cache), false)
 9 FCPATH\index.php(67): CodeIgniter\CodeIgniter->run()
CRITICAL - 2023-05-30 06:15:06 --> There is no data to update.
in SYSTEMPATH\BaseModel.php on line 1680.
 1 SYSTEMPATH\BaseModel.php(1680): CodeIgniter\Database\Exceptions\DataException::forEmptyDataset('update')
 2 SYSTEMPATH\BaseModel.php(910): CodeIgniter\BaseModel->transformDataToArray(null, 'update')
 3 SYSTEMPATH\Model.php(756): CodeIgniter\BaseModel->update([...], null)
 4 APPPATH\Models\mascotaModel.php(37): CodeIgniter\Model->update([...])
 5 APPPATH\Controllers\mascotaController.php(65): App\Models\mascotaModel->modificar([...])
 6 SYSTEMPATH\CodeIgniter.php(934): App\Controllers\mascotaController->hacerModificacion()
 7 SYSTEMPATH\CodeIgniter.php(499): CodeIgniter\CodeIgniter->runController(Object(App\Controllers\mascotaController))
 8 SYSTEMPATH\CodeIgniter.php(368): CodeIgniter\CodeIgniter->handleRequest(null, Object(Config\Cache), false)
 9 FCPATH\index.php(67): CodeIgniter\CodeIgniter->run()
CRITICAL - 2023-05-30 06:15:44 --> There is no data to update.
in SYSTEMPATH\BaseModel.php on line 1680.
 1 SYSTEMPATH\BaseModel.php(1680): CodeIgniter\Database\Exceptions\DataException::forEmptyDataset('update')
 2 SYSTEMPATH\BaseModel.php(910): CodeIgniter\BaseModel->transformDataToArray(null, 'update')
 3 SYSTEMPATH\Model.php(756): CodeIgniter\BaseModel->update([...], null)
 4 APPPATH\Models\mascotaModel.php(37): CodeIgniter\Model->update([...])
 5 APPPATH\Controllers\mascotaController.php(65): App\Models\mascotaModel->modificar([...])
 6 SYSTEMPATH\CodeIgniter.php(934): App\Controllers\mascotaController->hacerModificacion()
 7 SYSTEMPATH\CodeIgniter.php(499): CodeIgniter\CodeIgniter->runController(Object(App\Controllers\mascotaController))
 8 SYSTEMPATH\CodeIgniter.php(368): CodeIgniter\CodeIgniter->handleRequest(null, Object(Config\Cache), false)
 9 FCPATH\index.php(67): CodeIgniter\CodeIgniter->run()
CRITICAL - 2023-05-30 06:16:31 --> There is no data to update.
in SYSTEMPATH\BaseModel.php on line 1680.
 1 SYSTEMPATH\BaseModel.php(1680): CodeIgniter\Database\Exceptions\DataException::forEmptyDataset('update')
 2 SYSTEMPATH\BaseModel.php(910): CodeIgniter\BaseModel->transformDataToArray(null, 'update')
 3 SYSTEMPATH\Model.php(756): CodeIgniter\BaseModel->update([...], null)
 4 APPPATH\Models\mascotaModel.php(37): CodeIgniter\Model->update([...])
 5 APPPATH\Controllers\mascotaController.php(64): App\Models\mascotaModel->modificar([...])
 6 SYSTEMPATH\CodeIgniter.php(934): App\Controllers\mascotaController->hacerModificacion()
 7 SYSTEMPATH\CodeIgniter.php(499): CodeIgniter\CodeIgniter->runController(Object(App\Controllers\mascotaController))
 8 SYSTEMPATH\CodeIgniter.php(368): CodeIgniter\CodeIgniter->handleRequest(null, Object(Config\Cache), false)
 9 FCPATH\index.php(67): CodeIgniter\CodeIgniter->run()
ERROR - 2023-05-30 06:20:44 --> mysqli_sql_exception: Unknown column 'mascotas.id' in 'where clause' in C:\xampp\htdocs\veterinaria\system\Database\MySQLi\Connection.php:295
Stack trace:
#0 C:\xampp\htdocs\veterinaria\system\Database\MySQLi\Connection.php(295): mysqli->query('UPDATE `mascota...', 0)
#1 C:\xampp\htdocs\veterinaria\system\Database\BaseConnection.php(691): CodeIgniter\Database\MySQLi\Connection->execute('UPDATE `mascota...')
#2 C:\xampp\htdocs\veterinaria\system\Database\BaseConnection.php(605): CodeIgniter\Database\BaseConnection->simpleQuery('UPDATE `mascota...')
#3 C:\xampp\htdocs\veterinaria\system\Database\BaseBuilder.php(2476): CodeIgniter\Database\BaseConnection->query('UPDATE `mascota...', Array, false)
#4 C:\xampp\htdocs\veterinaria\system\Model.php(396): CodeIgniter\Database\BaseBuilder->update()
#5 C:\xampp\htdocs\veterinaria\system\BaseModel.php(943): CodeIgniter\Model->doUpdate(Array, Array)
#6 C:\xampp\htdocs\veterinaria\system\Model.php(756): CodeIgniter\BaseModel->update(Array, Array)
#7 C:\xampp\htdocs\veterinaria\app\Models\mascotaModel.php(37): CodeIgniter\Model->update('10', Array)
#8 C:\xampp\htdocs\veterinaria\app\Controllers\mascotaController.php(64): App\Models\mascotaModel->modificar(Array)
#9 C:\xampp\htdocs\veterinaria\system\CodeIgniter.php(934): App\Controllers\mascotaController->hacerModificacion()
#10 C:\xampp\htdocs\veterinaria\system\CodeIgniter.php(499): CodeIgniter\CodeIgniter->runController(Object(App\Controllers\mascotaController))
#11 C:\xampp\htdocs\veterinaria\system\CodeIgniter.php(368): CodeIgniter\CodeIgniter->handleRequest(NULL, Object(Config\Cache), false)
#12 C:\xampp\htdocs\veterinaria\index.php(67): CodeIgniter\CodeIgniter->run()
#13 {main}
CRITICAL - 2023-05-30 06:20:44 --> Unknown column 'mascotas.id' in 'where clause'
in SYSTEMPATH\Database\MySQLi\Connection.php on line 295.
 1 SYSTEMPATH\Database\MySQLi\Connection.php(295): mysqli->query('UPDATE `mascotas` SET `nombre` = \'Daniela Morales\', `raza` = \'ewfe\', `especie` = \'Mamífero\', `sexo` = \'macho\', `nro_registro` = \'11111\', `edad` = \'WAD\', `fecha_alta` = \'2023-05-22\', `fecha_defuncion` = NULL
WHERE `mascotas`.`id` IN (\'10\')', 0)
 2 SYSTEMPATH\Database\BaseConnection.php(691): CodeIgniter\Database\MySQLi\Connection->execute('UPDATE `mascotas` SET `nombre` = \'Daniela Morales\', `raza` = \'ewfe\', `especie` = \'Mamífero\', `sexo` = \'macho\', `nro_registro` = \'11111\', `edad` = \'WAD\', `fecha_alta` = \'2023-05-22\', `fecha_defuncion` = NULL
WHERE `mascotas`.`id` IN (\'10\')')
 3 SYSTEMPATH\Database\BaseConnection.php(605): CodeIgniter\Database\BaseConnection->simpleQuery('UPDATE `mascotas` SET `nombre` = \'Daniela Morales\', `raza` = \'ewfe\', `especie` = \'Mamífero\', `sexo` = \'macho\', `nro_registro` = \'11111\', `edad` = \'WAD\', `fecha_alta` = \'2023-05-22\', `fecha_defuncion` = NULL
WHERE `mascotas`.`id` IN (\'10\')')
 4 SYSTEMPATH\Database\BaseBuilder.php(2476): CodeIgniter\Database\BaseConnection->query('UPDATE `mascotas` SET `nombre` = :nombre:, `raza` = :raza:, `especie` = :especie:, `sexo` = :sexo:, `nro_registro` = :nro_registro:, `edad` = :edad:, `fecha_alta` = :fecha_alta:, `fecha_defuncion` = :fecha_defuncion:
WHERE `mascotas`.`id` IN :mascotas.id:', [...], false)
 5 SYSTEMPATH\Model.php(396): CodeIgniter\Database\BaseBuilder->update()
 6 SYSTEMPATH\BaseModel.php(943): CodeIgniter\Model->doUpdate([...], [...])
 7 SYSTEMPATH\Model.php(756): CodeIgniter\BaseModel->update([...], [...])
 8 APPPATH\Models\mascotaModel.php(37): CodeIgniter\Model->update('10', [...])
 9 APPPATH\Controllers\mascotaController.php(64): App\Models\mascotaModel->modificar([...])
10 SYSTEMPATH\CodeIgniter.php(934): App\Controllers\mascotaController->hacerModificacion()
11 SYSTEMPATH\CodeIgniter.php(499): CodeIgniter\CodeIgniter->runController(Object(App\Controllers\mascotaController))
12 SYSTEMPATH\CodeIgniter.php(368): CodeIgniter\CodeIgniter->handleRequest(null, Object(Config\Cache), false)
13 FCPATH\index.php(67): CodeIgniter\CodeIgniter->run()
ERROR - 2023-05-30 06:20:58 --> mysqli_sql_exception: Unknown column 'mascotas.id' in 'where clause' in C:\xampp\htdocs\veterinaria\system\Database\MySQLi\Connection.php:295
Stack trace:
#0 C:\xampp\htdocs\veterinaria\system\Database\MySQLi\Connection.php(295): mysqli->query('UPDATE `mascota...', 0)
#1 C:\xampp\htdocs\veterinaria\system\Database\BaseConnection.php(691): CodeIgniter\Database\MySQLi\Connection->execute('UPDATE `mascota...')
#2 C:\xampp\htdocs\veterinaria\system\Database\BaseConnection.php(605): CodeIgniter\Database\BaseConnection->simpleQuery('UPDATE `mascota...')
#3 C:\xampp\htdocs\veterinaria\system\Database\BaseBuilder.php(2476): CodeIgniter\Database\BaseConnection->query('UPDATE `mascota...', Array, false)
#4 C:\xampp\htdocs\veterinaria\system\Model.php(396): CodeIgniter\Database\BaseBuilder->update()
#5 C:\xampp\htdocs\veterinaria\system\BaseModel.php(943): CodeIgniter\Model->doUpdate(Array, Array)
#6 C:\xampp\htdocs\veterinaria\system\Model.php(756): CodeIgniter\BaseModel->update(Array, Array)
#7 C:\xampp\htdocs\veterinaria\app\Models\mascotaModel.php(37): CodeIgniter\Model->update('10', Array)
#8 C:\xampp\htdocs\veterinaria\app\Controllers\mascotaController.php(64): App\Models\mascotaModel->modificar(Array)
#9 C:\xampp\htdocs\veterinaria\system\CodeIgniter.php(934): App\Controllers\mascotaController->hacerModificacion()
#10 C:\xampp\htdocs\veterinaria\system\CodeIgniter.php(499): CodeIgniter\CodeIgniter->runController(Object(App\Controllers\mascotaController))
#11 C:\xampp\htdocs\veterinaria\system\CodeIgniter.php(368): CodeIgniter\CodeIgniter->handleRequest(NULL, Object(Config\Cache), false)
#12 C:\xampp\htdocs\veterinaria\index.php(67): CodeIgniter\CodeIgniter->run()
#13 {main}
CRITICAL - 2023-05-30 06:20:58 --> Unknown column 'mascotas.id' in 'where clause'
in SYSTEMPATH\Database\MySQLi\Connection.php on line 295.
 1 SYSTEMPATH\Database\MySQLi\Connection.php(295): mysqli->query('UPDATE `mascotas` SET `nombre` = \'Daniela Morales\', `raza` = \'ewfe\', `especie` = \'Mamífero\', `sexo` = \'macho\', `nro_registro` = \'11111\', `edad` = \'WAD\', `fecha_alta` = \'2023-05-22\', `fecha_defuncion` = NULL
WHERE `mascotas`.`id` IN (\'10\')', 0)
 2 SYSTEMPATH\Database\BaseConnection.php(691): CodeIgniter\Database\MySQLi\Connection->execute('UPDATE `mascotas` SET `nombre` = \'Daniela Morales\', `raza` = \'ewfe\', `especie` = \'Mamífero\', `sexo` = \'macho\', `nro_registro` = \'11111\', `edad` = \'WAD\', `fecha_alta` = \'2023-05-22\', `fecha_defuncion` = NULL
WHERE `mascotas`.`id` IN (\'10\')')
 3 SYSTEMPATH\Database\BaseConnection.php(605): CodeIgniter\Database\BaseConnection->simpleQuery('UPDATE `mascotas` SET `nombre` = \'Daniela Morales\', `raza` = \'ewfe\', `especie` = \'Mamífero\', `sexo` = \'macho\', `nro_registro` = \'11111\', `edad` = \'WAD\', `fecha_alta` = \'2023-05-22\', `fecha_defuncion` = NULL
WHERE `mascotas`.`id` IN (\'10\')')
 4 SYSTEMPATH\Database\BaseBuilder.php(2476): CodeIgniter\Database\BaseConnection->query('UPDATE `mascotas` SET `nombre` = :nombre:, `raza` = :raza:, `especie` = :especie:, `sexo` = :sexo:, `nro_registro` = :nro_registro:, `edad` = :edad:, `fecha_alta` = :fecha_alta:, `fecha_defuncion` = :fecha_defuncion:
WHERE `mascotas`.`id` IN :mascotas.id:', [...], false)
 5 SYSTEMPATH\Model.php(396): CodeIgniter\Database\BaseBuilder->update()
 6 SYSTEMPATH\BaseModel.php(943): CodeIgniter\Model->doUpdate([...], [...])
 7 SYSTEMPATH\Model.php(756): CodeIgniter\BaseModel->update([...], [...])
 8 APPPATH\Models\mascotaModel.php(37): CodeIgniter\Model->update('10', [...])
 9 APPPATH\Controllers\mascotaController.php(64): App\Models\mascotaModel->modificar([...])
10 SYSTEMPATH\CodeIgniter.php(934): App\Controllers\mascotaController->hacerModificacion()
11 SYSTEMPATH\CodeIgniter.php(499): CodeIgniter\CodeIgniter->runController(Object(App\Controllers\mascotaController))
12 SYSTEMPATH\CodeIgniter.php(368): CodeIgniter\CodeIgniter->handleRequest(null, Object(Config\Cache), false)
13 FCPATH\index.php(67): CodeIgniter\CodeIgniter->run()
ERROR - 2023-05-30 06:22:34 --> mysqli_sql_exception: Unknown column 'mascotas.id' in 'where clause' in C:\xampp\htdocs\veterinaria\system\Database\MySQLi\Connection.php:295
Stack trace:
#0 C:\xampp\htdocs\veterinaria\system\Database\MySQLi\Connection.php(295): mysqli->query('UPDATE `mascota...', 0)
#1 C:\xampp\htdocs\veterinaria\system\Database\BaseConnection.php(691): CodeIgniter\Database\MySQLi\Connection->execute('UPDATE `mascota...')
#2 C:\xampp\htdocs\veterinaria\system\Database\BaseConnection.php(605): CodeIgniter\Database\BaseConnection->simpleQuery('UPDATE `mascota...')
#3 C:\xampp\htdocs\veterinaria\system\Database\BaseBuilder.php(2476): CodeIgniter\Database\BaseConnection->query('UPDATE `mascota...', Array, false)
#4 C:\xampp\htdocs\veterinaria\system\Model.php(396): CodeIgniter\Database\BaseBuilder->update()
#5 C:\xampp\htdocs\veterinaria\system\BaseModel.php(943): CodeIgniter\Model->doUpdate(Array, Array)
#6 C:\xampp\htdocs\veterinaria\system\Model.php(756): CodeIgniter\BaseModel->update(Array, Array)
#7 C:\xampp\htdocs\veterinaria\app\Models\mascotaModel.php(37): CodeIgniter\Model->update('10', Array)
#8 C:\xampp\htdocs\veterinaria\app\Controllers\mascotaController.php(64): App\Models\mascotaModel->modificar(Array)
#9 C:\xampp\htdocs\veterinaria\system\CodeIgniter.php(934): App\Controllers\mascotaController->hacerModificacion()
#10 C:\xampp\htdocs\veterinaria\system\CodeIgniter.php(499): CodeIgniter\CodeIgniter->runController(Object(App\Controllers\mascotaController))
#11 C:\xampp\htdocs\veterinaria\system\CodeIgniter.php(368): CodeIgniter\CodeIgniter->handleRequest(NULL, Object(Config\Cache), false)
#12 C:\xampp\htdocs\veterinaria\index.php(67): CodeIgniter\CodeIgniter->run()
#13 {main}
CRITICAL - 2023-05-30 06:22:34 --> Unknown column 'mascotas.id' in 'where clause'
in SYSTEMPATH\Database\MySQLi\Connection.php on line 295.
 1 SYSTEMPATH\Database\MySQLi\Connection.php(295): mysqli->query('UPDATE `mascotas` SET `nombre` = \'Daniela Morales\', `raza` = \'ewfe\', `especie` = \'Mamífero\', `sexo` = \'macho\', `nro_registro` = \'11111\', `edad` = \'WAD\', `fecha_alta` = \'2023-05-22\', `fecha_defuncion` = NULL
WHERE `mascotas`.`id` IN (\'10\')', 0)
 2 SYSTEMPATH\Database\BaseConnection.php(691): CodeIgniter\Database\MySQLi\Connection->execute('UPDATE `mascotas` SET `nombre` = \'Daniela Morales\', `raza` = \'ewfe\', `especie` = \'Mamífero\', `sexo` = \'macho\', `nro_registro` = \'11111\', `edad` = \'WAD\', `fecha_alta` = \'2023-05-22\', `fecha_defuncion` = NULL
WHERE `mascotas`.`id` IN (\'10\')')
 3 SYSTEMPATH\Database\BaseConnection.php(605): CodeIgniter\Database\BaseConnection->simpleQuery('UPDATE `mascotas` SET `nombre` = \'Daniela Morales\', `raza` = \'ewfe\', `especie` = \'Mamífero\', `sexo` = \'macho\', `nro_registro` = \'11111\', `edad` = \'WAD\', `fecha_alta` = \'2023-05-22\', `fecha_defuncion` = NULL
WHERE `mascotas`.`id` IN (\'10\')')
 4 SYSTEMPATH\Database\BaseBuilder.php(2476): CodeIgniter\Database\BaseConnection->query('UPDATE `mascotas` SET `nombre` = :nombre:, `raza` = :raza:, `especie` = :especie:, `sexo` = :sexo:, `nro_registro` = :nro_registro:, `edad` = :edad:, `fecha_alta` = :fecha_alta:, `fecha_defuncion` = :fecha_defuncion:
WHERE `mascotas`.`id` IN :mascotas.id:', [...], false)
 5 SYSTEMPATH\Model.php(396): CodeIgniter\Database\BaseBuilder->update()
 6 SYSTEMPATH\BaseModel.php(943): CodeIgniter\Model->doUpdate([...], [...])
 7 SYSTEMPATH\Model.php(756): CodeIgniter\BaseModel->update([...], [...])
 8 APPPATH\Models\mascotaModel.php(37): CodeIgniter\Model->update('10', [...])
 9 APPPATH\Controllers\mascotaController.php(64): App\Models\mascotaModel->modificar([...])
10 SYSTEMPATH\CodeIgniter.php(934): App\Controllers\mascotaController->hacerModificacion()
11 SYSTEMPATH\CodeIgniter.php(499): CodeIgniter\CodeIgniter->runController(Object(App\Controllers\mascotaController))
12 SYSTEMPATH\CodeIgniter.php(368): CodeIgniter\CodeIgniter->handleRequest(null, Object(Config\Cache), false)
13 FCPATH\index.php(67): CodeIgniter\CodeIgniter->run()
ERROR - 2023-05-30 06:23:01 --> mysqli_sql_exception: Unknown column 'mascotas.id' in 'where clause' in C:\xampp\htdocs\veterinaria\system\Database\MySQLi\Connection.php:295
Stack trace:
#0 C:\xampp\htdocs\veterinaria\system\Database\MySQLi\Connection.php(295): mysqli->query('UPDATE `mascota...', 0)
#1 C:\xampp\htdocs\veterinaria\system\Database\BaseConnection.php(691): CodeIgniter\Database\MySQLi\Connection->execute('UPDATE `mascota...')
#2 C:\xampp\htdocs\veterinaria\system\Database\BaseConnection.php(605): CodeIgniter\Database\BaseConnection->simpleQuery('UPDATE `mascota...')
#3 C:\xampp\htdocs\veterinaria\system\Database\BaseBuilder.php(2476): CodeIgniter\Database\BaseConnection->query('UPDATE `mascota...', Array, false)
#4 C:\xampp\htdocs\veterinaria\system\Model.php(396): CodeIgniter\Database\BaseBuilder->update()
#5 C:\xampp\htdocs\veterinaria\system\BaseModel.php(943): CodeIgniter\Model->doUpdate(Array, Array)
#6 C:\xampp\htdocs\veterinaria\system\Model.php(756): CodeIgniter\BaseModel->update(Array, Array)
#7 C:\xampp\htdocs\veterinaria\app\Models\mascotaModel.php(37): CodeIgniter\Model->update('10', Array)
#8 C:\xampp\htdocs\veterinaria\app\Controllers\mascotaController.php(64): App\Models\mascotaModel->modificar(Array)
#9 C:\xampp\htdocs\veterinaria\system\CodeIgniter.php(934): App\Controllers\mascotaController->hacerModificacion()
#10 C:\xampp\htdocs\veterinaria\system\CodeIgniter.php(499): CodeIgniter\CodeIgniter->runController(Object(App\Controllers\mascotaController))
#11 C:\xampp\htdocs\veterinaria\system\CodeIgniter.php(368): CodeIgniter\CodeIgniter->handleRequest(NULL, Object(Config\Cache), false)
#12 C:\xampp\htdocs\veterinaria\index.php(67): CodeIgniter\CodeIgniter->run()
#13 {main}
CRITICAL - 2023-05-30 06:23:01 --> Unknown column 'mascotas.id' in 'where clause'
in SYSTEMPATH\Database\MySQLi\Connection.php on line 295.
 1 SYSTEMPATH\Database\MySQLi\Connection.php(295): mysqli->query('UPDATE `mascotas` SET `nombre` = \'Daniela Morales\', `raza` = \'ewfe\', `especie` = \'Mamífero\', `sexo` = \'macho\', `nro_registro` = \'11111\', `edad` = \'WAD\', `fecha_alta` = \'2023-05-22\', `fecha_defuncion` = NULL
WHERE `mascotas`.`id` IN (\'10\')', 0)
 2 SYSTEMPATH\Database\BaseConnection.php(691): CodeIgniter\Database\MySQLi\Connection->execute('UPDATE `mascotas` SET `nombre` = \'Daniela Morales\', `raza` = \'ewfe\', `especie` = \'Mamífero\', `sexo` = \'macho\', `nro_registro` = \'11111\', `edad` = \'WAD\', `fecha_alta` = \'2023-05-22\', `fecha_defuncion` = NULL
WHERE `mascotas`.`id` IN (\'10\')')
 3 SYSTEMPATH\Database\BaseConnection.php(605): CodeIgniter\Database\BaseConnection->simpleQuery('UPDATE `mascotas` SET `nombre` = \'Daniela Morales\', `raza` = \'ewfe\', `especie` = \'Mamífero\', `sexo` = \'macho\', `nro_registro` = \'11111\', `edad` = \'WAD\', `fecha_alta` = \'2023-05-22\', `fecha_defuncion` = NULL
WHERE `mascotas`.`id` IN (\'10\')')
 4 SYSTEMPATH\Database\BaseBuilder.php(2476): CodeIgniter\Database\BaseConnection->query('UPDATE `mascotas` SET `nombre` = :nombre:, `raza` = :raza:, `especie` = :especie:, `sexo` = :sexo:, `nro_registro` = :nro_registro:, `edad` = :edad:, `fecha_alta` = :fecha_alta:, `fecha_defuncion` = :fecha_defuncion:
WHERE `mascotas`.`id` IN :mascotas.id:', [...], false)
 5 SYSTEMPATH\Model.php(396): CodeIgniter\Database\BaseBuilder->update()
 6 SYSTEMPATH\BaseModel.php(943): CodeIgniter\Model->doUpdate([...], [...])
 7 SYSTEMPATH\Model.php(756): CodeIgniter\BaseModel->update([...], [...])
 8 APPPATH\Models\mascotaModel.php(37): CodeIgniter\Model->update('10', [...])
 9 APPPATH\Controllers\mascotaController.php(64): App\Models\mascotaModel->modificar([...])
10 SYSTEMPATH\CodeIgniter.php(934): App\Controllers\mascotaController->hacerModificacion()
11 SYSTEMPATH\CodeIgniter.php(499): CodeIgniter\CodeIgniter->runController(Object(App\Controllers\mascotaController))
12 SYSTEMPATH\CodeIgniter.php(368): CodeIgniter\CodeIgniter->handleRequest(null, Object(Config\Cache), false)
13 FCPATH\index.php(67): CodeIgniter\CodeIgniter->run()
ERROR - 2023-05-30 06:26:52 --> mysqli_sql_exception: Unknown column 'mascotas.id' in 'where clause' in C:\xampp\htdocs\veterinaria\system\Database\MySQLi\Connection.php:295
Stack trace:
#0 C:\xampp\htdocs\veterinaria\system\Database\MySQLi\Connection.php(295): mysqli->query('UPDATE `mascota...', 0)
#1 C:\xampp\htdocs\veterinaria\system\Database\BaseConnection.php(691): CodeIgniter\Database\MySQLi\Connection->execute('UPDATE `mascota...')
#2 C:\xampp\htdocs\veterinaria\system\Database\BaseConnection.php(605): CodeIgniter\Database\BaseConnection->simpleQuery('UPDATE `mascota...')
#3 C:\xampp\htdocs\veterinaria\system\Database\BaseBuilder.php(2476): CodeIgniter\Database\BaseConnection->query('UPDATE `mascota...', Array, false)
#4 C:\xampp\htdocs\veterinaria\system\Model.php(396): CodeIgniter\Database\BaseBuilder->update()
#5 C:\xampp\htdocs\veterinaria\system\BaseModel.php(943): CodeIgniter\Model->doUpdate(Array, Array)
#6 C:\xampp\htdocs\veterinaria\system\Model.php(756): CodeIgniter\BaseModel->update(Array, Array)
#7 C:\xampp\htdocs\veterinaria\app\Models\mascotaModel.php(38): CodeIgniter\Model->update(Array, Array)
#8 C:\xampp\htdocs\veterinaria\app\Controllers\mascotaController.php(64): App\Models\mascotaModel->modificar(Array)
#9 C:\xampp\htdocs\veterinaria\system\CodeIgniter.php(934): App\Controllers\mascotaController->hacerModificacion()
#10 C:\xampp\htdocs\veterinaria\system\CodeIgniter.php(499): CodeIgniter\CodeIgniter->runController(Object(App\Controllers\mascotaController))
#11 C:\xampp\htdocs\veterinaria\system\CodeIgniter.php(368): CodeIgniter\CodeIgniter->handleRequest(NULL, Object(Config\Cache), false)
#12 C:\xampp\htdocs\veterinaria\index.php(67): CodeIgniter\CodeIgniter->run()
#13 {main}
CRITICAL - 2023-05-30 06:26:52 --> Unknown column 'mascotas.id' in 'where clause'
in SYSTEMPATH\Database\MySQLi\Connection.php on line 295.
 1 SYSTEMPATH\Database\MySQLi\Connection.php(295): mysqli->query('UPDATE `mascotas` SET `nombre` = \'Daniela Morales\', `raza` = \'ewfe\', `especie` = \'Mamífero\', `sexo` = \'macho\', `nro_registro` = \'11111\', `edad` = \'WAD\', `fecha_alta` = \'2023-05-22\', `fecha_defuncion` = NULL
WHERE `mascotas`.`id` IN (\'10\')', 0)
 2 SYSTEMPATH\Database\BaseConnection.php(691): CodeIgniter\Database\MySQLi\Connection->execute('UPDATE `mascotas` SET `nombre` = \'Daniela Morales\', `raza` = \'ewfe\', `especie` = \'Mamífero\', `sexo` = \'macho\', `nro_registro` = \'11111\', `edad` = \'WAD\', `fecha_alta` = \'2023-05-22\', `fecha_defuncion` = NULL
WHERE `mascotas`.`id` IN (\'10\')')
 3 SYSTEMPATH\Database\BaseConnection.php(605): CodeIgniter\Database\BaseConnection->simpleQuery('UPDATE `mascotas` SET `nombre` = \'Daniela Morales\', `raza` = \'ewfe\', `especie` = \'Mamífero\', `sexo` = \'macho\', `nro_registro` = \'11111\', `edad` = \'WAD\', `fecha_alta` = \'2023-05-22\', `fecha_defuncion` = NULL
WHERE `mascotas`.`id` IN (\'10\')')
 4 SYSTEMPATH\Database\BaseBuilder.php(2476): CodeIgniter\Database\BaseConnection->query('UPDATE `mascotas` SET `nombre` = :nombre:, `raza` = :raza:, `especie` = :especie:, `sexo` = :sexo:, `nro_registro` = :nro_registro:, `edad` = :edad:, `fecha_alta` = :fecha_alta:, `fecha_defuncion` = :fecha_defuncion:
WHERE `mascotas`.`id` IN :mascotas.id:', [...], false)
 5 SYSTEMPATH\Model.php(396): CodeIgniter\Database\BaseBuilder->update()
 6 SYSTEMPATH\BaseModel.php(943): CodeIgniter\Model->doUpdate([...], [...])
 7 SYSTEMPATH\Model.php(756): CodeIgniter\BaseModel->update([...], [...])
 8 APPPATH\Models\mascotaModel.php(38): CodeIgniter\Model->update([...], [...])
 9 APPPATH\Controllers\mascotaController.php(64): App\Models\mascotaModel->modificar([...])
10 SYSTEMPATH\CodeIgniter.php(934): App\Controllers\mascotaController->hacerModificacion()
11 SYSTEMPATH\CodeIgniter.php(499): CodeIgniter\CodeIgniter->runController(Object(App\Controllers\mascotaController))
12 SYSTEMPATH\CodeIgniter.php(368): CodeIgniter\CodeIgniter->handleRequest(null, Object(Config\Cache), false)
13 FCPATH\index.php(67): CodeIgniter\CodeIgniter->run()
CRITICAL - 2023-05-30 06:28:55 --> Undefined array key "id_mascota"
in APPPATH\Models\mascotaModel.php on line 36.
 1 APPPATH\Models\mascotaModel.php(36): CodeIgniter\Debug\Exceptions->errorHandler(2, 'Undefined array key "id_mascota"', 'C:\\xampp\\htdocs\\veterinaria\\app\\Models\\mascotaModel.php', 36)
 2 APPPATH\Controllers\mascotaController.php(64): App\Models\mascotaModel->modificar([...])
 3 SYSTEMPATH\CodeIgniter.php(934): App\Controllers\mascotaController->hacerModificacion()
 4 SYSTEMPATH\CodeIgniter.php(499): CodeIgniter\CodeIgniter->runController(Object(App\Controllers\mascotaController))
 5 SYSTEMPATH\CodeIgniter.php(368): CodeIgniter\CodeIgniter->handleRequest(null, Object(Config\Cache), false)
 6 FCPATH\index.php(67): CodeIgniter\CodeIgniter->run()
CRITICAL - 2023-05-30 06:32:18 --> There is no data to update.
in SYSTEMPATH\BaseModel.php on line 1680.
 1 SYSTEMPATH\BaseModel.php(1680): CodeIgniter\Database\Exceptions\DataException::forEmptyDataset('update')
 2 SYSTEMPATH\BaseModel.php(910): CodeIgniter\BaseModel->transformDataToArray(null, 'update')
 3 SYSTEMPATH\Model.php(756): CodeIgniter\BaseModel->update([...], null)
 4 APPPATH\Models\veterinarioModel.php(36): CodeIgniter\Model->update([...])
 5 APPPATH\Controllers\veterinarioController.php(61): App\Models\veterinarioModel->bajaVeterinario([...])
 6 SYSTEMPATH\CodeIgniter.php(934): App\Controllers\veterinarioController->nuevaBaja()
 7 SYSTEMPATH\CodeIgniter.php(499): CodeIgniter\CodeIgniter->runController(Object(App\Controllers\veterinarioController))
 8 SYSTEMPATH\CodeIgniter.php(368): CodeIgniter\CodeIgniter->handleRequest(null, Object(Config\Cache), false)
 9 FCPATH\index.php(67): CodeIgniter\CodeIgniter->run()
CRITICAL - 2023-05-30 06:33:51 --> There is no data to update.
in SYSTEMPATH\BaseModel.php on line 1680.
 1 SYSTEMPATH\BaseModel.php(1680): CodeIgniter\Database\Exceptions\DataException::forEmptyDataset('update')
 2 SYSTEMPATH\BaseModel.php(910): CodeIgniter\BaseModel->transformDataToArray(null, 'update')
 3 SYSTEMPATH\Model.php(756): CodeIgniter\BaseModel->update([...], null)
 4 APPPATH\Models\veterinarioModel.php(36): CodeIgniter\Model->update([...])
 5 APPPATH\Controllers\veterinarioController.php(61): App\Models\veterinarioModel->bajaVeterinario([...])
 6 SYSTEMPATH\CodeIgniter.php(934): App\Controllers\veterinarioController->nuevaBaja()
 7 SYSTEMPATH\CodeIgniter.php(499): CodeIgniter\CodeIgniter->runController(Object(App\Controllers\veterinarioController))
 8 SYSTEMPATH\CodeIgniter.php(368): CodeIgniter\CodeIgniter->handleRequest(null, Object(Config\Cache), false)
 9 FCPATH\index.php(67): CodeIgniter\CodeIgniter->run()
CRITICAL - 2023-05-30 06:34:01 --> There is no data to update.
in SYSTEMPATH\BaseModel.php on line 1680.
 1 SYSTEMPATH\BaseModel.php(1680): CodeIgniter\Database\Exceptions\DataException::forEmptyDataset('update')
 2 SYSTEMPATH\BaseModel.php(910): CodeIgniter\BaseModel->transformDataToArray(null, 'update')
 3 SYSTEMPATH\Model.php(756): CodeIgniter\BaseModel->update([...], null)
 4 APPPATH\Models\veterinarioModel.php(36): CodeIgniter\Model->update([...])
 5 APPPATH\Controllers\veterinarioController.php(61): App\Models\veterinarioModel->bajaVeterinario([...])
 6 SYSTEMPATH\CodeIgniter.php(934): App\Controllers\veterinarioController->nuevaBaja()
 7 SYSTEMPATH\CodeIgniter.php(499): CodeIgniter\CodeIgniter->runController(Object(App\Controllers\veterinarioController))
 8 SYSTEMPATH\CodeIgniter.php(368): CodeIgniter\CodeIgniter->handleRequest(null, Object(Config\Cache), false)
 9 FCPATH\index.php(67): CodeIgniter\CodeIgniter->run()
ERROR - 2023-05-30 07:04:31 --> mysqli_sql_exception: Unknown column 'id_mascota' in 'order clause' in C:\xampp\htdocs\veterinaria\system\Database\MySQLi\Connection.php:295
Stack trace:
#0 C:\xampp\htdocs\veterinaria\system\Database\MySQLi\Connection.php(295): mysqli->query('SELECT *\nFROM `...', 0)
#1 C:\xampp\htdocs\veterinaria\system\Database\BaseConnection.php(691): CodeIgniter\Database\MySQLi\Connection->execute('SELECT *\nFROM `...')
#2 C:\xampp\htdocs\veterinaria\system\Database\BaseConnection.php(605): CodeIgniter\Database\BaseConnection->simpleQuery('SELECT *\nFROM `...')
#3 C:\xampp\htdocs\veterinaria\system\Database\BaseBuilder.php(1616): CodeIgniter\Database\BaseConnection->query('SELECT *\nFROM `...', Array, false)
#4 C:\xampp\htdocs\veterinaria\system\Model.php(241): CodeIgniter\Database\BaseBuilder->get()
#5 C:\xampp\htdocs\veterinaria\system\BaseModel.php(618): CodeIgniter\Model->doFindAll(0, 0)
#6 C:\xampp\htdocs\veterinaria\app\Controllers\mascotaController.php(18): CodeIgniter\BaseModel->findAll()
#7 C:\xampp\htdocs\veterinaria\system\CodeIgniter.php(934): App\Controllers\mascotaController->mostrarMascotas()
#8 C:\xampp\htdocs\veterinaria\system\CodeIgniter.php(499): CodeIgniter\CodeIgniter->runController(Object(App\Controllers\mascotaController))
#9 C:\xampp\htdocs\veterinaria\system\CodeIgniter.php(368): CodeIgniter\CodeIgniter->handleRequest(NULL, Object(Config\Cache), false)
#10 C:\xampp\htdocs\veterinaria\index.php(67): CodeIgniter\CodeIgniter->run()
#11 {main}
CRITICAL - 2023-05-30 07:04:31 --> Unknown column 'id_mascota' in 'order clause'
in SYSTEMPATH\Database\MySQLi\Connection.php on line 295.
 1 SYSTEMPATH\Database\MySQLi\Connection.php(295): mysqli->query('SELECT *
FROM `mascotas`
ORDER BY `id_mascota` ASC', 0)
 2 SYSTEMPATH\Database\BaseConnection.php(691): CodeIgniter\Database\MySQLi\Connection->execute('SELECT *
FROM `mascotas`
ORDER BY `id_mascota` ASC')
 3 SYSTEMPATH\Database\BaseConnection.php(605): CodeIgniter\Database\BaseConnection->simpleQuery('SELECT *
FROM `mascotas`
ORDER BY `id_mascota` ASC')
 4 SYSTEMPATH\Database\BaseBuilder.php(1616): CodeIgniter\Database\BaseConnection->query('SELECT *
FROM `mascotas`
ORDER BY `id_mascota` ASC', [], false)
 5 SYSTEMPATH\Model.php(241): CodeIgniter\Database\BaseBuilder->get()
 6 SYSTEMPATH\BaseModel.php(618): CodeIgniter\Model->doFindAll(0, 0)
 7 APPPATH\Controllers\mascotaController.php(18): CodeIgniter\BaseModel->findAll()
 8 SYSTEMPATH\CodeIgniter.php(934): App\Controllers\mascotaController->mostrarMascotas()
 9 SYSTEMPATH\CodeIgniter.php(499): CodeIgniter\CodeIgniter->runController(Object(App\Controllers\mascotaController))
10 SYSTEMPATH\CodeIgniter.php(368): CodeIgniter\CodeIgniter->handleRequest(null, Object(Config\Cache), false)
11 FCPATH\index.php(67): CodeIgniter\CodeIgniter->run()
ERROR - 2023-05-30 07:06:17 --> mysqli_sql_exception: Unknown column 'id_amo' in 'order clause' in C:\xampp\htdocs\veterinaria\system\Database\MySQLi\Connection.php:295
Stack trace:
#0 C:\xampp\htdocs\veterinaria\system\Database\MySQLi\Connection.php(295): mysqli->query('SELECT *\nFROM `...', 0)
#1 C:\xampp\htdocs\veterinaria\system\Database\BaseConnection.php(691): CodeIgniter\Database\MySQLi\Connection->execute('SELECT *\nFROM `...')
#2 C:\xampp\htdocs\veterinaria\system\Database\BaseConnection.php(605): CodeIgniter\Database\BaseConnection->simpleQuery('SELECT *\nFROM `...')
#3 C:\xampp\htdocs\veterinaria\system\Database\BaseBuilder.php(1616): CodeIgniter\Database\BaseConnection->query('SELECT *\nFROM `...', Array, false)
#4 C:\xampp\htdocs\veterinaria\system\Model.php(241): CodeIgniter\Database\BaseBuilder->get()
#5 C:\xampp\htdocs\veterinaria\system\BaseModel.php(618): CodeIgniter\Model->doFindAll(0, 0)
#6 C:\xampp\htdocs\veterinaria\app\Controllers\amoController.php(20): CodeIgniter\BaseModel->findAll()
#7 C:\xampp\htdocs\veterinaria\system\CodeIgniter.php(934): App\Controllers\amoController->mostrarAmos()
#8 C:\xampp\htdocs\veterinaria\system\CodeIgniter.php(499): CodeIgniter\CodeIgniter->runController(Object(App\Controllers\amoController))
#9 C:\xampp\htdocs\veterinaria\system\CodeIgniter.php(368): CodeIgniter\CodeIgniter->handleRequest(NULL, Object(Config\Cache), false)
#10 C:\xampp\htdocs\veterinaria\index.php(67): CodeIgniter\CodeIgniter->run()
#11 {main}
CRITICAL - 2023-05-30 07:06:17 --> Unknown column 'id_amo' in 'order clause'
in SYSTEMPATH\Database\MySQLi\Connection.php on line 295.
 1 SYSTEMPATH\Database\MySQLi\Connection.php(295): mysqli->query('SELECT *
FROM `amos`
ORDER BY `id_amo` ASC', 0)
 2 SYSTEMPATH\Database\BaseConnection.php(691): CodeIgniter\Database\MySQLi\Connection->execute('SELECT *
FROM `amos`
ORDER BY `id_amo` ASC')
 3 SYSTEMPATH\Database\BaseConnection.php(605): CodeIgniter\Database\BaseConnection->simpleQuery('SELECT *
FROM `amos`
ORDER BY `id_amo` ASC')
 4 SYSTEMPATH\Database\BaseBuilder.php(1616): CodeIgniter\Database\BaseConnection->query('SELECT *
FROM `amos`
ORDER BY `id_amo` ASC', [], false)
 5 SYSTEMPATH\Model.php(241): CodeIgniter\Database\BaseBuilder->get()
 6 SYSTEMPATH\BaseModel.php(618): CodeIgniter\Model->doFindAll(0, 0)
 7 APPPATH\Controllers\amoController.php(20): CodeIgniter\BaseModel->findAll()
 8 SYSTEMPATH\CodeIgniter.php(934): App\Controllers\amoController->mostrarAmos()
 9 SYSTEMPATH\CodeIgniter.php(499): CodeIgniter\CodeIgniter->runController(Object(App\Controllers\amoController))
10 SYSTEMPATH\CodeIgniter.php(368): CodeIgniter\CodeIgniter->handleRequest(null, Object(Config\Cache), false)
11 FCPATH\index.php(67): CodeIgniter\CodeIgniter->run()
CRITICAL - 2023-05-30 14:55:15 --> Undefined variable $data
in APPPATH\Controllers\adopcionController.php on line 26.
 1 APPPATH\Controllers\adopcionController.php(26): CodeIgniter\Debug\Exceptions->errorHandler(2, 'Undefined variable $data', 'C:\\xampp\\htdocs\\veterinaria\\app\\Controllers\\adopcionController.php', 26)
 2 SYSTEMPATH\CodeIgniter.php(934): App\Controllers\adopcionController->cargarAdopcion()
 3 SYSTEMPATH\CodeIgniter.php(499): CodeIgniter\CodeIgniter->runController(Object(App\Controllers\adopcionController))
 4 SYSTEMPATH\CodeIgniter.php(368): CodeIgniter\CodeIgniter->handleRequest(null, Object(Config\Cache), false)
 5 FCPATH\index.php(67): CodeIgniter\CodeIgniter->run()
CRITICAL - 2023-05-30 14:55:39 --> Undefined variable $data
in APPPATH\Controllers\adopcionController.php on line 26.
 1 APPPATH\Controllers\adopcionController.php(26): CodeIgniter\Debug\Exceptions->errorHandler(2, 'Undefined variable $data', 'C:\\xampp\\htdocs\\veterinaria\\app\\Controllers\\adopcionController.php', 26)
 2 SYSTEMPATH\CodeIgniter.php(934): App\Controllers\adopcionController->cargarAdopcion()
 3 SYSTEMPATH\CodeIgniter.php(499): CodeIgniter\CodeIgniter->runController(Object(App\Controllers\adopcionController))
 4 SYSTEMPATH\CodeIgniter.php(368): CodeIgniter\CodeIgniter->handleRequest(null, Object(Config\Cache), false)
 5 FCPATH\index.php(67): CodeIgniter\CodeIgniter->run()
CRITICAL - 2023-05-30 14:56:03 --> Undefined array key "registro"
in APPPATH\Controllers\adopcionController.php on line 27.
 1 APPPATH\Controllers\adopcionController.php(27): CodeIgniter\Debug\Exceptions->errorHandler(2, 'Undefined array key "registro"', 'C:\\xampp\\htdocs\\veterinaria\\app\\Controllers\\adopcionController.php', 27)
 2 SYSTEMPATH\CodeIgniter.php(934): App\Controllers\adopcionController->cargarAdopcion()
 3 SYSTEMPATH\CodeIgniter.php(499): CodeIgniter\CodeIgniter->runController(Object(App\Controllers\adopcionController))
 4 SYSTEMPATH\CodeIgniter.php(368): CodeIgniter\CodeIgniter->handleRequest(null, Object(Config\Cache), false)
 5 FCPATH\index.php(67): CodeIgniter\CodeIgniter->run()
CRITICAL - 2023-05-30 15:03:46 --> Class "App\Controllers\adopcionModel" not found
in APPPATH\Controllers\adopcionController.php on line 29.
 1 SYSTEMPATH\CodeIgniter.php(934): App\Controllers\adopcionController->cargarAdopcion()
 2 SYSTEMPATH\CodeIgniter.php(499): CodeIgniter\CodeIgniter->runController(Object(App\Controllers\adopcionController))
 3 SYSTEMPATH\CodeIgniter.php(368): CodeIgniter\CodeIgniter->handleRequest(null, Object(Config\Cache), false)
 4 FCPATH\index.php(67): CodeIgniter\CodeIgniter->run()
CRITICAL - 2023-05-30 15:05:56 --> Class "App\Controllers\adopcionModel" not found
in APPPATH\Controllers\adopcionController.php on line 30.
 1 SYSTEMPATH\CodeIgniter.php(934): App\Controllers\adopcionController->cargarAdopcion()
 2 SYSTEMPATH\CodeIgniter.php(499): CodeIgniter\CodeIgniter->runController(Object(App\Controllers\adopcionController))
 3 SYSTEMPATH\CodeIgniter.php(368): CodeIgniter\CodeIgniter->handleRequest(null, Object(Config\Cache), false)
 4 FCPATH\index.php(67): CodeIgniter\CodeIgniter->run()
CRITICAL - 2023-05-30 15:06:08 --> Class "App\Controllers\adopcionModel" not found
in APPPATH\Controllers\adopcionController.php on line 30.
 1 SYSTEMPATH\CodeIgniter.php(934): App\Controllers\adopcionController->cargarAdopcion()
 2 SYSTEMPATH\CodeIgniter.php(499): CodeIgniter\CodeIgniter->runController(Object(App\Controllers\adopcionController))
 3 SYSTEMPATH\CodeIgniter.php(368): CodeIgniter\CodeIgniter->handleRequest(null, Object(Config\Cache), false)
 4 FCPATH\index.php(67): CodeIgniter\CodeIgniter->run()
ERROR - 2023-05-30 15:06:22 --> mysqli_sql_exception: Column 'fecha_inicio' cannot be null in C:\xampp\htdocs\veterinaria\system\Database\MySQLi\Connection.php:295
Stack trace:
#0 C:\xampp\htdocs\veterinaria\system\Database\MySQLi\Connection.php(295): mysqli->query('INSERT INTO `am...', 0)
#1 C:\xampp\htdocs\veterinaria\system\Database\BaseConnection.php(691): CodeIgniter\Database\MySQLi\Connection->execute('INSERT INTO `am...')
#2 C:\xampp\htdocs\veterinaria\system\Database\BaseConnection.php(605): CodeIgniter\Database\BaseConnection->simpleQuery('INSERT INTO `am...')
#3 C:\xampp\htdocs\veterinaria\system\Database\BaseBuilder.php(2309): CodeIgniter\Database\BaseConnection->query('INSERT INTO `am...', Array, false)
#4 C:\xampp\htdocs\veterinaria\system\Model.php(330): CodeIgniter\Database\BaseBuilder->insert()
#5 C:\xampp\htdocs\veterinaria\system\BaseModel.php(782): CodeIgniter\Model->doInsert(Array)
#6 C:\xampp\htdocs\veterinaria\system\Model.php(730): CodeIgniter\BaseModel->insert(Array, true)
#7 C:\xampp\htdocs\veterinaria\app\Models\adopcionModel.php(11): CodeIgniter\Model->insert(Array)
#8 C:\xampp\htdocs\veterinaria\app\Controllers\adopcionController.php(38): App\Models\adopcionModel->insertar(Array)
#9 C:\xampp\htdocs\veterinaria\system\CodeIgniter.php(934): App\Controllers\adopcionController->cargarAdopcion()
#10 C:\xampp\htdocs\veterinaria\system\CodeIgniter.php(499): CodeIgniter\CodeIgniter->runController(Object(App\Controllers\adopcionController))
#11 C:\xampp\htdocs\veterinaria\system\CodeIgniter.php(368): CodeIgniter\CodeIgniter->handleRequest(NULL, Object(Config\Cache), false)
#12 C:\xampp\htdocs\veterinaria\index.php(67): CodeIgniter\CodeIgniter->run()
#13 {main}
CRITICAL - 2023-05-30 15:06:22 --> Column 'fecha_inicio' cannot be null
in SYSTEMPATH\Database\MySQLi\Connection.php on line 295.
 1 SYSTEMPATH\Database\MySQLi\Connection.php(295): mysqli->query('INSERT INTO `amo-mascota` (`id_amo`, `id_mascota`, `fecha_inicio`) VALUES (\'14\', \'10\', NULL)', 0)
 2 SYSTEMPATH\Database\BaseConnection.php(691): CodeIgniter\Database\MySQLi\Connection->execute('INSERT INTO `amo-mascota` (`id_amo`, `id_mascota`, `fecha_inicio`) VALUES (\'14\', \'10\', NULL)')
 3 SYSTEMPATH\Database\BaseConnection.php(605): CodeIgniter\Database\BaseConnection->simpleQuery('INSERT INTO `amo-mascota` (`id_amo`, `id_mascota`, `fecha_inicio`) VALUES (\'14\', \'10\', NULL)')
 4 SYSTEMPATH\Database\BaseBuilder.php(2309): CodeIgniter\Database\BaseConnection->query('INSERT INTO `amo-mascota` (`id_amo`, `id_mascota`, `fecha_inicio`) VALUES (:id_amo:, :id_mascota:, :fecha_inicio:)', [...], false)
 5 SYSTEMPATH\Model.php(330): CodeIgniter\Database\BaseBuilder->insert()
 6 SYSTEMPATH\BaseModel.php(782): CodeIgniter\Model->doInsert([...])
 7 SYSTEMPATH\Model.php(730): CodeIgniter\BaseModel->insert([...], true)
 8 APPPATH\Models\adopcionModel.php(11): CodeIgniter\Model->insert([...])
 9 APPPATH\Controllers\adopcionController.php(38): App\Models\adopcionModel->insertar([...])
10 SYSTEMPATH\CodeIgniter.php(934): App\Controllers\adopcionController->cargarAdopcion()
11 SYSTEMPATH\CodeIgniter.php(499): CodeIgniter\CodeIgniter->runController(Object(App\Controllers\adopcionController))
12 SYSTEMPATH\CodeIgniter.php(368): CodeIgniter\CodeIgniter->handleRequest(null, Object(Config\Cache), false)
13 FCPATH\index.php(67): CodeIgniter\CodeIgniter->run()
CRITICAL - 2023-05-30 15:58:35 --> Trying to access array offset on value of type null
in APPPATH\Controllers\adopcionController.php on line 68.
 1 APPPATH\Controllers\adopcionController.php(68): CodeIgniter\Debug\Exceptions->errorHandler(2, 'Trying to access array offset on value of type null', 'C:\\xampp\\htdocs\\veterinaria\\app\\Controllers\\adopcionController.php', 68)
 2 SYSTEMPATH\CodeIgniter.php(934): App\Controllers\adopcionController->nuevaBaja()
 3 SYSTEMPATH\CodeIgniter.php(499): CodeIgniter\CodeIgniter->runController(Object(App\Controllers\adopcionController))
 4 SYSTEMPATH\CodeIgniter.php(368): CodeIgniter\CodeIgniter->handleRequest(null, Object(Config\Cache), false)
 5 FCPATH\index.php(67): CodeIgniter\CodeIgniter->run()
CRITICAL - 2023-05-30 16:00:42 --> Trying to access array offset on value of type null
in APPPATH\Controllers\adopcionController.php on line 70.
 1 APPPATH\Controllers\adopcionController.php(70): CodeIgniter\Debug\Exceptions->errorHandler(2, 'Trying to access array offset on value of type null', 'C:\\xampp\\htdocs\\veterinaria\\app\\Controllers\\adopcionController.php', 70)
 2 SYSTEMPATH\CodeIgniter.php(934): App\Controllers\adopcionController->nuevaBaja()
 3 SYSTEMPATH\CodeIgniter.php(499): CodeIgniter\CodeIgniter->runController(Object(App\Controllers\adopcionController))
 4 SYSTEMPATH\CodeIgniter.php(368): CodeIgniter\CodeIgniter->handleRequest(null, Object(Config\Cache), false)
 5 FCPATH\index.php(67): CodeIgniter\CodeIgniter->run()
CRITICAL - 2023-05-30 16:01:02 --> Trying to access array offset on value of type null
in APPPATH\Controllers\adopcionController.php on line 70.
 1 APPPATH\Controllers\adopcionController.php(70): CodeIgniter\Debug\Exceptions->errorHandler(2, 'Trying to access array offset on value of type null', 'C:\\xampp\\htdocs\\veterinaria\\app\\Controllers\\adopcionController.php', 70)
 2 SYSTEMPATH\CodeIgniter.php(934): App\Controllers\adopcionController->nuevaBaja()
 3 SYSTEMPATH\CodeIgniter.php(499): CodeIgniter\CodeIgniter->runController(Object(App\Controllers\adopcionController))
 4 SYSTEMPATH\CodeIgniter.php(368): CodeIgniter\CodeIgniter->handleRequest(null, Object(Config\Cache), false)
 5 FCPATH\index.php(67): CodeIgniter\CodeIgniter->run()
CRITICAL - 2023-05-30 16:01:24 --> Trying to access array offset on value of type null
in APPPATH\Controllers\adopcionController.php on line 70.
 1 APPPATH\Controllers\adopcionController.php(70): CodeIgniter\Debug\Exceptions->errorHandler(2, 'Trying to access array offset on value of type null', 'C:\\xampp\\htdocs\\veterinaria\\app\\Controllers\\adopcionController.php', 70)
 2 SYSTEMPATH\CodeIgniter.php(934): App\Controllers\adopcionController->nuevaBaja()
 3 SYSTEMPATH\CodeIgniter.php(499): CodeIgniter\CodeIgniter->runController(Object(App\Controllers\adopcionController))
 4 SYSTEMPATH\CodeIgniter.php(368): CodeIgniter\CodeIgniter->handleRequest(null, Object(Config\Cache), false)
 5 FCPATH\index.php(67): CodeIgniter\CodeIgniter->run()
CRITICAL - 2023-05-30 16:01:40 --> Undefined array key "id_amo"
in APPPATH\Controllers\adopcionController.php on line 70.
 1 APPPATH\Controllers\adopcionController.php(70): CodeIgniter\Debug\Exceptions->errorHandler(2, 'Undefined array key "id_amo"', 'C:\\xampp\\htdocs\\veterinaria\\app\\Controllers\\adopcionController.php', 70)
 2 SYSTEMPATH\CodeIgniter.php(934): App\Controllers\adopcionController->nuevaBaja()
 3 SYSTEMPATH\CodeIgniter.php(499): CodeIgniter\CodeIgniter->runController(Object(App\Controllers\adopcionController))
 4 SYSTEMPATH\CodeIgniter.php(368): CodeIgniter\CodeIgniter->handleRequest(null, Object(Config\Cache), false)
 5 FCPATH\index.php(67): CodeIgniter\CodeIgniter->run()
CRITICAL - 2023-05-30 16:02:43 --> Trying to access array offset on value of type null
in APPPATH\Controllers\adopcionController.php on line 70.
 1 APPPATH\Controllers\adopcionController.php(70): CodeIgniter\Debug\Exceptions->errorHandler(2, 'Trying to access array offset on value of type null', 'C:\\xampp\\htdocs\\veterinaria\\app\\Controllers\\adopcionController.php', 70)
 2 SYSTEMPATH\CodeIgniter.php(934): App\Controllers\adopcionController->nuevaBaja()
 3 SYSTEMPATH\CodeIgniter.php(499): CodeIgniter\CodeIgniter->runController(Object(App\Controllers\adopcionController))
 4 SYSTEMPATH\CodeIgniter.php(368): CodeIgniter\CodeIgniter->handleRequest(null, Object(Config\Cache), false)
 5 FCPATH\index.php(67): CodeIgniter\CodeIgniter->run()
CRITICAL - 2023-05-30 16:02:54 --> Trying to access array offset on value of type null
in APPPATH\Controllers\adopcionController.php on line 70.
 1 APPPATH\Controllers\adopcionController.php(70): CodeIgniter\Debug\Exceptions->errorHandler(2, 'Trying to access array offset on value of type null', 'C:\\xampp\\htdocs\\veterinaria\\app\\Controllers\\adopcionController.php', 70)
 2 SYSTEMPATH\CodeIgniter.php(934): App\Controllers\adopcionController->nuevaBaja()
 3 SYSTEMPATH\CodeIgniter.php(499): CodeIgniter\CodeIgniter->runController(Object(App\Controllers\adopcionController))
 4 SYSTEMPATH\CodeIgniter.php(368): CodeIgniter\CodeIgniter->handleRequest(null, Object(Config\Cache), false)
 5 FCPATH\index.php(67): CodeIgniter\CodeIgniter->run()
CRITICAL - 2023-05-30 19:40:39 --> Undefined variable $existingAdopcion
in APPPATH\Controllers\amoController.php on line 112.
 1 APPPATH\Controllers\amoController.php(112): CodeIgniter\Debug\Exceptions->errorHandler(2, 'Undefined variable $existingAdopcion', 'C:\\xampp\\htdocs\\veterinaria\\app\\Controllers\\amoController.php', 112)
 2 SYSTEMPATH\CodeIgniter.php(934): App\Controllers\amoController->mostrarA()
 3 SYSTEMPATH\CodeIgniter.php(499): CodeIgniter\CodeIgniter->runController(Object(App\Controllers\amoController))
 4 SYSTEMPATH\CodeIgniter.php(368): CodeIgniter\CodeIgniter->handleRequest(null, Object(Config\Cache), false)
 5 FCPATH\index.php(67): CodeIgniter\CodeIgniter->run()
CRITICAL - 2023-05-30 19:41:19 --> Undefined variable $existingAdopciones
in APPPATH\Controllers\amoController.php on line 117.
 1 APPPATH\Controllers\amoController.php(117): CodeIgniter\Debug\Exceptions->errorHandler(2, 'Undefined variable $existingAdopciones', 'C:\\xampp\\htdocs\\veterinaria\\app\\Controllers\\amoController.php', 117)
 2 SYSTEMPATH\CodeIgniter.php(934): App\Controllers\amoController->mostrarA()
 3 SYSTEMPATH\CodeIgniter.php(499): CodeIgniter\CodeIgniter->runController(Object(App\Controllers\amoController))
 4 SYSTEMPATH\CodeIgniter.php(368): CodeIgniter\CodeIgniter->handleRequest(null, Object(Config\Cache), false)
 5 FCPATH\index.php(67): CodeIgniter\CodeIgniter->run()
CRITICAL - 2023-05-30 19:41:37 --> Undefined array key "fecha_alta"
in APPPATH\Views\amos\mostrarA.php on line 38.
 1 APPPATH\Views\amos\mostrarA.php(38): CodeIgniter\Debug\Exceptions->errorHandler(2, 'Undefined array key "fecha_alta"', 'C:\\xampp\\htdocs\\veterinaria\\app\\Views\\amos\\mostrarA.php', 38)
 2 SYSTEMPATH\View\View.php(213): include('C:\\xampp\\htdocs\\veterinaria\\app\\Views\\amos\\mostrarA.php')
 3 SYSTEMPATH\View\View.php(216): CodeIgniter\View\View->CodeIgniter\View\{closure}()
 4 SYSTEMPATH\Common.php(1184): CodeIgniter\View\View->render('/amos/mostrarA', [], true)
 5 APPPATH\Controllers\amoController.php(117): view('/amos/mostrarA', [...])
 6 SYSTEMPATH\CodeIgniter.php(934): App\Controllers\amoController->mostrarA()
 7 SYSTEMPATH\CodeIgniter.php(499): CodeIgniter\CodeIgniter->runController(Object(App\Controllers\amoController))
 8 SYSTEMPATH\CodeIgniter.php(368): CodeIgniter\CodeIgniter->handleRequest(null, Object(Config\Cache), false)
 9 FCPATH\index.php(67): CodeIgniter\CodeIgniter->run()
CRITICAL - 2023-05-30 19:42:21 --> Undefined array key "id"
in APPPATH\Views\amos\mostrarA.php on line 38.
 1 APPPATH\Views\amos\mostrarA.php(38): CodeIgniter\Debug\Exceptions->errorHandler(2, 'Undefined array key "id"', 'C:\\xampp\\htdocs\\veterinaria\\app\\Views\\amos\\mostrarA.php', 38)
 2 SYSTEMPATH\View\View.php(213): include('C:\\xampp\\htdocs\\veterinaria\\app\\Views\\amos\\mostrarA.php')
 3 SYSTEMPATH\View\View.php(216): CodeIgniter\View\View->CodeIgniter\View\{closure}()
 4 SYSTEMPATH\Common.php(1184): CodeIgniter\View\View->render('/amos/mostrarA', [], true)
 5 APPPATH\Controllers\amoController.php(117): view('/amos/mostrarA', [...])
 6 SYSTEMPATH\CodeIgniter.php(934): App\Controllers\amoController->mostrarA()
 7 SYSTEMPATH\CodeIgniter.php(499): CodeIgniter\CodeIgniter->runController(Object(App\Controllers\amoController))
 8 SYSTEMPATH\CodeIgniter.php(368): CodeIgniter\CodeIgniter->handleRequest(null, Object(Config\Cache), false)
 9 FCPATH\index.php(67): CodeIgniter\CodeIgniter->run()
CRITICAL - 2023-05-30 19:43:54 --> Undefined array key "id"
in APPPATH\Views\amos\mostrarA.php on line 38.
 1 APPPATH\Views\amos\mostrarA.php(38): CodeIgniter\Debug\Exceptions->errorHandler(2, 'Undefined array key "id"', 'C:\\xampp\\htdocs\\veterinaria\\app\\Views\\amos\\mostrarA.php', 38)
 2 SYSTEMPATH\View\View.php(213): include('C:\\xampp\\htdocs\\veterinaria\\app\\Views\\amos\\mostrarA.php')
 3 SYSTEMPATH\View\View.php(216): CodeIgniter\View\View->CodeIgniter\View\{closure}()
 4 SYSTEMPATH\Common.php(1184): CodeIgniter\View\View->render('/amos/mostrarA', [], true)
 5 APPPATH\Controllers\amoController.php(117): view('/amos/mostrarA', [...])
 6 SYSTEMPATH\CodeIgniter.php(934): App\Controllers\amoController->mostrarA()
 7 SYSTEMPATH\CodeIgniter.php(499): CodeIgniter\CodeIgniter->runController(Object(App\Controllers\amoController))
 8 SYSTEMPATH\CodeIgniter.php(368): CodeIgniter\CodeIgniter->handleRequest(null, Object(Config\Cache), false)
 9 FCPATH\index.php(67): CodeIgniter\CodeIgniter->run()
CRITICAL - 2023-05-30 19:46:40 --> Undefined array key "id_amo"
in APPPATH\Views\amos\mostrarA.php on line 38.
 1 APPPATH\Views\amos\mostrarA.php(38): CodeIgniter\Debug\Exceptions->errorHandler(2, 'Undefined array key "id_amo"', 'C:\\xampp\\htdocs\\veterinaria\\app\\Views\\amos\\mostrarA.php', 38)
 2 SYSTEMPATH\View\View.php(213): include('C:\\xampp\\htdocs\\veterinaria\\app\\Views\\amos\\mostrarA.php')
 3 SYSTEMPATH\View\View.php(216): CodeIgniter\View\View->CodeIgniter\View\{closure}()
 4 SYSTEMPATH\Common.php(1184): CodeIgniter\View\View->render('/amos/mostrarA', [], true)
 5 APPPATH\Controllers\amoController.php(117): view('/amos/mostrarA', [...])
 6 SYSTEMPATH\CodeIgniter.php(934): App\Controllers\amoController->mostrarA()
 7 SYSTEMPATH\CodeIgniter.php(499): CodeIgniter\CodeIgniter->runController(Object(App\Controllers\amoController))
 8 SYSTEMPATH\CodeIgniter.php(368): CodeIgniter\CodeIgniter->handleRequest(null, Object(Config\Cache), false)
 9 FCPATH\index.php(67): CodeIgniter\CodeIgniter->run()
CRITICAL - 2023-05-30 19:46:43 --> Undefined array key "id_amo"
in APPPATH\Views\amos\mostrarA.php on line 38.
 1 APPPATH\Views\amos\mostrarA.php(38): CodeIgniter\Debug\Exceptions->errorHandler(2, 'Undefined array key "id_amo"', 'C:\\xampp\\htdocs\\veterinaria\\app\\Views\\amos\\mostrarA.php', 38)
 2 SYSTEMPATH\View\View.php(213): include('C:\\xampp\\htdocs\\veterinaria\\app\\Views\\amos\\mostrarA.php')
 3 SYSTEMPATH\View\View.php(216): CodeIgniter\View\View->CodeIgniter\View\{closure}()
 4 SYSTEMPATH\Common.php(1184): CodeIgniter\View\View->render('/amos/mostrarA', [], true)
 5 APPPATH\Controllers\amoController.php(117): view('/amos/mostrarA', [...])
 6 SYSTEMPATH\CodeIgniter.php(934): App\Controllers\amoController->mostrarA()
 7 SYSTEMPATH\CodeIgniter.php(499): CodeIgniter\CodeIgniter->runController(Object(App\Controllers\amoController))
 8 SYSTEMPATH\CodeIgniter.php(368): CodeIgniter\CodeIgniter->handleRequest(null, Object(Config\Cache), false)
 9 FCPATH\index.php(67): CodeIgniter\CodeIgniter->run()
CRITICAL - 2023-05-30 20:08:30 --> Undefined array key "id_mascota"
in APPPATH\Controllers\amoController.php on line 115.
 1 APPPATH\Controllers\amoController.php(115): CodeIgniter\Debug\Exceptions->errorHandler(2, 'Undefined array key "id_mascota"', 'C:\\xampp\\htdocs\\veterinaria\\app\\Controllers\\amoController.php', 115)
 2 SYSTEMPATH\CodeIgniter.php(934): App\Controllers\amoController->mostrarA()
 3 SYSTEMPATH\CodeIgniter.php(499): CodeIgniter\CodeIgniter->runController(Object(App\Controllers\amoController))
 4 SYSTEMPATH\CodeIgniter.php(368): CodeIgniter\CodeIgniter->handleRequest(null, Object(Config\Cache), false)
 5 FCPATH\index.php(67): CodeIgniter\CodeIgniter->run()
CRITICAL - 2023-05-30 20:09:14 --> Undefined array key "id_mascota"
in APPPATH\Controllers\amoController.php on line 115.
 1 APPPATH\Controllers\amoController.php(115): CodeIgniter\Debug\Exceptions->errorHandler(2, 'Undefined array key "id_mascota"', 'C:\\xampp\\htdocs\\veterinaria\\app\\Controllers\\amoController.php', 115)
 2 SYSTEMPATH\CodeIgniter.php(934): App\Controllers\amoController->mostrarA()
 3 SYSTEMPATH\CodeIgniter.php(499): CodeIgniter\CodeIgniter->runController(Object(App\Controllers\amoController))
 4 SYSTEMPATH\CodeIgniter.php(368): CodeIgniter\CodeIgniter->handleRequest(null, Object(Config\Cache), false)
 5 FCPATH\index.php(67): CodeIgniter\CodeIgniter->run()
CRITICAL - 2023-05-30 20:26:47 --> Undefined variable $veterinario
in APPPATH\Views\amos\mostrarA.php on line 49.
 1 APPPATH\Views\amos\mostrarA.php(49): CodeIgniter\Debug\Exceptions->errorHandler(2, 'Undefined variable $veterinario', 'C:\\xampp\\htdocs\\veterinaria\\app\\Views\\amos\\mostrarA.php', 49)
 2 SYSTEMPATH\View\View.php(213): include('C:\\xampp\\htdocs\\veterinaria\\app\\Views\\amos\\mostrarA.php')
 3 SYSTEMPATH\View\View.php(216): CodeIgniter\View\View->CodeIgniter\View\{closure}()
 4 SYSTEMPATH\Common.php(1184): CodeIgniter\View\View->render('/amos/mostrarA', [], true)
 5 APPPATH\Controllers\amoController.php(119): view('/amos/mostrarA', [...])
 6 SYSTEMPATH\CodeIgniter.php(934): App\Controllers\amoController->mostrarA()
 7 SYSTEMPATH\CodeIgniter.php(499): CodeIgniter\CodeIgniter->runController(Object(App\Controllers\amoController))
 8 SYSTEMPATH\CodeIgniter.php(368): CodeIgniter\CodeIgniter->handleRequest(null, Object(Config\Cache), false)
 9 FCPATH\index.php(67): CodeIgniter\CodeIgniter->run()
CRITICAL - 2023-05-30 20:41:51 --> Trying to access array offset on value of type null
in APPPATH\Controllers\amoController.php on line 114.
 1 APPPATH\Controllers\amoController.php(114): CodeIgniter\Debug\Exceptions->errorHandler(2, 'Trying to access array offset on value of type null', 'C:\\xampp\\htdocs\\veterinaria\\app\\Controllers\\amoController.php', 114)
 2 SYSTEMPATH\CodeIgniter.php(934): App\Controllers\amoController->mostrarA()
 3 SYSTEMPATH\CodeIgniter.php(499): CodeIgniter\CodeIgniter->runController(Object(App\Controllers\amoController))
 4 SYSTEMPATH\CodeIgniter.php(368): CodeIgniter\CodeIgniter->handleRequest(null, Object(Config\Cache), false)
 5 FCPATH\index.php(67): CodeIgniter\CodeIgniter->run()
CRITICAL - 2023-05-30 20:42:19 --> Trying to access array offset on value of type null
in APPPATH\Controllers\amoController.php on line 114.
 1 APPPATH\Controllers\amoController.php(114): CodeIgniter\Debug\Exceptions->errorHandler(2, 'Trying to access array offset on value of type null', 'C:\\xampp\\htdocs\\veterinaria\\app\\Controllers\\amoController.php', 114)
 2 SYSTEMPATH\CodeIgniter.php(934): App\Controllers\amoController->mostrarA()
 3 SYSTEMPATH\CodeIgniter.php(499): CodeIgniter\CodeIgniter->runController(Object(App\Controllers\amoController))
 4 SYSTEMPATH\CodeIgniter.php(368): CodeIgniter\CodeIgniter->handleRequest(null, Object(Config\Cache), false)
 5 FCPATH\index.php(67): CodeIgniter\CodeIgniter->run()
